This file contains any messages produced by compilers while
running configure, to aid debugging if configure makes a mistake.

It was created by VCoin Core configure 0.12.1, which was
generated by GNU Autoconf 2.69.  Invocation command line was

  $ ./configure --enable-shared --with-gui=qt4 --disable-shared --with-pic --with-bignum=no --enable-module-recovery --no-create --no-recursion

## --------- ##
## Platform. ##
## --------- ##

hostname = root-satoshi
uname -m = x86_64
uname -r = 3.19.0-51-generic
uname -s = Linux
uname -v = #57~14.04.1-Ubuntu SMP Fri Feb 19 14:36:55 UTC 2016

/usr/bin/uname -p = unknown
/bin/uname -X     = unknown

/bin/arch              = unknown
/usr/bin/arch -k       = unknown
/usr/convex/getsysinfo = unknown
/usr/bin/hostinfo      = unknown
/bin/machine           = unknown
/usr/bin/oslevel       = unknown
/bin/universe          = unknown

PATH: /home/rootx/.rbenv/plugins/ruby-build/bin
PATH: /home/rootx/.rbenv/shims
PATH: /home/rootx/.rbenv/bin
PATH: /usr/local/sbin
PATH: /usr/local/bin
PATH: /usr/sbin
PATH: /usr/bin
PATH: /sbin
PATH: /bin
PATH: /usr/games
PATH: /usr/local/games


## ----------- ##
## Core tests. ##
## ----------- ##

configure:2937: checking build system type
configure:2951: result: x86_64-unknown-linux-gnu
configure:2971: checking host system type
configure:2984: result: x86_64-unknown-linux-gnu
configure:3027: checking for a BSD-compatible install
configure:3095: result: /usr/bin/install -c
configure:3106: checking whether build environment is sane
configure:3161: result: yes
configure:3312: checking for a thread-safe mkdir -p
configure:3351: result: /bin/mkdir -p
configure:3358: checking for gawk
configure:3374: found /usr/bin/gawk
configure:3385: result: gawk
configure:3396: checking whether make sets $(MAKE)
configure:3418: result: yes
configure:3447: checking whether make supports nested variables
configure:3464: result: yes
configure:3582: checking whether to enable maintainer-specific portions of Makefiles
configure:3591: result: yes
configure:3616: checking whether make supports nested variables
configure:3633: result: yes
configure:3708: checking for g++
configure:3724: found /usr/bin/g++
configure:3735: result: g++
configure:3762: checking for C++ compiler version
configure:3771: g++ --version >&5
g++ (Ubuntu 4.8.4-2ubuntu1~14.04.1) 4.8.4
Copyright (C) 2013 Free Software Foundation, Inc.
This is free software; see the source for copying conditions.  There is NO
warranty; not even for MERCHANTABILITY or FITNESS FOR A PARTICULAR PURPOSE.

configure:3782: $? = 0
configure:3771: g++ -v >&5
Using built-in specs.
COLLECT_GCC=g++
COLLECT_LTO_WRAPPER=/usr/lib/gcc/x86_64-linux-gnu/4.8/lto-wrapper
Target: x86_64-linux-gnu
Configured with: ../src/configure -v --with-pkgversion='Ubuntu 4.8.4-2ubuntu1~14.04.1' --with-bugurl=file:///usr/share/doc/gcc-4.8/README.Bugs --enable-languages=c,c++,java,go,d,fortran,objc,obj-c++ --prefix=/usr --program-suffix=-4.8 --enable-shared --enable-linker-build-id --libexecdir=/usr/lib --without-included-gettext --enable-threads=posix --with-gxx-include-dir=/usr/include/c++/4.8 --libdir=/usr/lib --enable-nls --with-sysroot=/ --enable-clocale=gnu --enable-libstdcxx-debug --enable-libstdcxx-time=yes --enable-gnu-unique-object --disable-libmudflap --enable-plugin --with-system-zlib --disable-browser-plugin --enable-java-awt=gtk --enable-gtk-cairo --with-java-home=/usr/lib/jvm/java-1.5.0-gcj-4.8-amd64/jre --enable-java-home --with-jvm-root-dir=/usr/lib/jvm/java-1.5.0-gcj-4.8-amd64 --with-jvm-jar-dir=/usr/lib/jvm-exports/java-1.5.0-gcj-4.8-amd64 --with-arch-directory=amd64 --with-ecj-jar=/usr/share/java/eclipse-ecj.jar --enable-objc-gc --enable-multiarch --disable-werror --with-arch-32=i686 --with-abi=m64 --with-multilib-list=m32,m64,mx32 --with-tune=generic --enable-checking=release --build=x86_64-linux-gnu --host=x86_64-linux-gnu --target=x86_64-linux-gnu
Thread model: posix
gcc version 4.8.4 (Ubuntu 4.8.4-2ubuntu1~14.04.1) 
configure:3782: $? = 0
configure:3771: g++ -V >&5
g++: error: unrecognized command line option '-V'
g++: fatal error: no input files
compilation terminated.
configure:3782: $? = 4
configure:3771: g++ -qversion >&5
g++: error: unrecognized command line option '-qversion'
g++: fatal error: no input files
compilation terminated.
configure:3782: $? = 4
configure:3802: checking whether the C++ compiler works
configure:3824: g++    conftest.cpp  >&5
configure:3828: $? = 0
configure:3876: result: yes
configure:3879: checking for C++ compiler default output file name
configure:3881: result: a.out
configure:3887: checking for suffix of executables
configure:3894: g++ -o conftest    conftest.cpp  >&5
configure:3898: $? = 0
configure:3920: result: 
configure:3942: checking whether we are cross compiling
configure:3950: g++ -o conftest    conftest.cpp  >&5
configure:3954: $? = 0
configure:3961: ./conftest
configure:3965: $? = 0
configure:3980: result: no
configure:3985: checking for suffix of object files
configure:4007: g++ -c   conftest.cpp >&5
configure:4011: $? = 0
configure:4032: result: o
configure:4036: checking whether we are using the GNU C++ compiler
configure:4055: g++ -c   conftest.cpp >&5
configure:4055: $? = 0
configure:4064: result: yes
configure:4073: checking whether g++ accepts -g
configure:4093: g++ -c -g  conftest.cpp >&5
configure:4093: $? = 0
configure:4134: result: yes
configure:4168: checking for style of include used by make
configure:4196: result: GNU
configure:4222: checking dependency style of g++
configure:4333: result: gcc3
configure:4402: checking for g++
configure:4418: found /usr/bin/g++
configure:4429: result: g++
configure:4454: checking for Objective C++ compiler version
configure:4463: g++ --version >&5
g++ (Ubuntu 4.8.4-2ubuntu1~14.04.1) 4.8.4
Copyright (C) 2013 Free Software Foundation, Inc.
This is free software; see the source for copying conditions.  There is NO
warranty; not even for MERCHANTABILITY or FITNESS FOR A PARTICULAR PURPOSE.

configure:4474: $? = 0
configure:4463: g++ -v >&5
Using built-in specs.
COLLECT_GCC=g++
COLLECT_LTO_WRAPPER=/usr/lib/gcc/x86_64-linux-gnu/4.8/lto-wrapper
Target: x86_64-linux-gnu
Configured with: ../src/configure -v --with-pkgversion='Ubuntu 4.8.4-2ubuntu1~14.04.1' --with-bugurl=file:///usr/share/doc/gcc-4.8/README.Bugs --enable-languages=c,c++,java,go,d,fortran,objc,obj-c++ --prefix=/usr --program-suffix=-4.8 --enable-shared --enable-linker-build-id --libexecdir=/usr/lib --without-included-gettext --enable-threads=posix --with-gxx-include-dir=/usr/include/c++/4.8 --libdir=/usr/lib --enable-nls --with-sysroot=/ --enable-clocale=gnu --enable-libstdcxx-debug --enable-libstdcxx-time=yes --enable-gnu-unique-object --disable-libmudflap --enable-plugin --with-system-zlib --disable-browser-plugin --enable-java-awt=gtk --enable-gtk-cairo --with-java-home=/usr/lib/jvm/java-1.5.0-gcj-4.8-amd64/jre --enable-java-home --with-jvm-root-dir=/usr/lib/jvm/java-1.5.0-gcj-4.8-amd64 --with-jvm-jar-dir=/usr/lib/jvm-exports/java-1.5.0-gcj-4.8-amd64 --with-arch-directory=amd64 --with-ecj-jar=/usr/share/java/eclipse-ecj.jar --enable-objc-gc --enable-multiarch --disable-werror --with-arch-32=i686 --with-abi=m64 --with-multilib-list=m32,m64,mx32 --with-tune=generic --enable-checking=release --build=x86_64-linux-gnu --host=x86_64-linux-gnu --target=x86_64-linux-gnu
Thread model: posix
gcc version 4.8.4 (Ubuntu 4.8.4-2ubuntu1~14.04.1) 
configure:4474: $? = 0
configure:4463: g++ -V >&5
g++: error: unrecognized command line option '-V'
g++: fatal error: no input files
compilation terminated.
configure:4474: $? = 4
configure:4463: g++ -qversion >&5
g++: error: unrecognized command line option '-qversion'
g++: fatal error: no input files
compilation terminated.
configure:4474: $? = 4
configure:4478: checking whether we are using the GNU Objective C++ compiler
configure:4497: g++ -c   conftest.mm >&5
g++: error trying to exec 'cc1objplus': execvp: No such file or directory
configure:4497: $? = 1
configure: failed program was:
| /* confdefs.h */
| #define PACKAGE_NAME "VCoin Core"
| #define PACKAGE_TARNAME "vcoin"
| #define PACKAGE_VERSION "0.12.1"
| #define PACKAGE_STRING "VCoin Core 0.12.1"
| #define PACKAGE_BUGREPORT "https://github.com/vcoin/vcoin/issues"
| #define PACKAGE_URL ""
| /* end confdefs.h.  */
| 
| int
| main ()
| {
| #ifndef __GNUC__
|        choke me
| #endif
| 
|   ;
|   return 0;
| }
configure:4506: result: no
configure:4515: checking whether g++ accepts -g
configure:4535: g++ -c -g  conftest.mm >&5
g++: error trying to exec 'cc1objplus': execvp: No such file or directory
configure:4535: $? = 1
configure: failed program was:
| /* confdefs.h */
| #define PACKAGE_NAME "VCoin Core"
| #define PACKAGE_TARNAME "vcoin"
| #define PACKAGE_VERSION "0.12.1"
| #define PACKAGE_STRING "VCoin Core 0.12.1"
| #define PACKAGE_BUGREPORT "https://github.com/vcoin/vcoin/issues"
| #define PACKAGE_URL ""
| /* end confdefs.h.  */
| 
| int
| main ()
| {
| 
|   ;
|   return 0;
| }
configure:4550: g++ -c   conftest.mm >&5
g++: error trying to exec 'cc1objplus': execvp: No such file or directory
configure:4550: $? = 1
configure: failed program was:
| /* confdefs.h */
| #define PACKAGE_NAME "VCoin Core"
| #define PACKAGE_TARNAME "vcoin"
| #define PACKAGE_VERSION "0.12.1"
| #define PACKAGE_STRING "VCoin Core 0.12.1"
| #define PACKAGE_BUGREPORT "https://github.com/vcoin/vcoin/issues"
| #define PACKAGE_URL ""
| /* end confdefs.h.  */
| 
| int
| main ()
| {
| 
|   ;
|   return 0;
| }
configure:4566: g++ -c -g  conftest.mm >&5
g++: error trying to exec 'cc1objplus': execvp: No such file or directory
configure:4566: $? = 1
configure: failed program was:
| /* confdefs.h */
| #define PACKAGE_NAME "VCoin Core"
| #define PACKAGE_TARNAME "vcoin"
| #define PACKAGE_VERSION "0.12.1"
| #define PACKAGE_STRING "VCoin Core 0.12.1"
| #define PACKAGE_BUGREPORT "https://github.com/vcoin/vcoin/issues"
| #define PACKAGE_URL ""
| /* end confdefs.h.  */
| 
| int
| main ()
| {
| 
|   ;
|   return 0;
| }
configure:4576: result: no
configure:4601: checking dependency style of g++
configure:4710: result: gcc3
configure:4777: checking how to print strings
configure:4804: result: printf
configure:4873: checking for gcc
configure:4889: found /usr/bin/gcc
configure:4900: result: gcc
configure:5129: checking for C compiler version
configure:5138: gcc --version >&5
gcc (Ubuntu 4.8.4-2ubuntu1~14.04.1) 4.8.4
Copyright (C) 2013 Free Software Foundation, Inc.
This is free software; see the source for copying conditions.  There is NO
warranty; not even for MERCHANTABILITY or FITNESS FOR A PARTICULAR PURPOSE.

configure:5149: $? = 0
configure:5138: gcc -v >&5
Using built-in specs.
COLLECT_GCC=gcc
COLLECT_LTO_WRAPPER=/usr/lib/gcc/x86_64-linux-gnu/4.8/lto-wrapper
Target: x86_64-linux-gnu
Configured with: ../src/configure -v --with-pkgversion='Ubuntu 4.8.4-2ubuntu1~14.04.1' --with-bugurl=file:///usr/share/doc/gcc-4.8/README.Bugs --enable-languages=c,c++,java,go,d,fortran,objc,obj-c++ --prefix=/usr --program-suffix=-4.8 --enable-shared --enable-linker-build-id --libexecdir=/usr/lib --without-included-gettext --enable-threads=posix --with-gxx-include-dir=/usr/include/c++/4.8 --libdir=/usr/lib --enable-nls --with-sysroot=/ --enable-clocale=gnu --enable-libstdcxx-debug --enable-libstdcxx-time=yes --enable-gnu-unique-object --disable-libmudflap --enable-plugin --with-system-zlib --disable-browser-plugin --enable-java-awt=gtk --enable-gtk-cairo --with-java-home=/usr/lib/jvm/java-1.5.0-gcj-4.8-amd64/jre --enable-java-home --with-jvm-root-dir=/usr/lib/jvm/java-1.5.0-gcj-4.8-amd64 --with-jvm-jar-dir=/usr/lib/jvm-exports/java-1.5.0-gcj-4.8-amd64 --with-arch-directory=amd64 --with-ecj-jar=/usr/share/java/eclipse-ecj.jar --enable-objc-gc --enable-multiarch --disable-werror --with-arch-32=i686 --with-abi=m64 --with-multilib-list=m32,m64,mx32 --with-tune=generic --enable-checking=release --build=x86_64-linux-gnu --host=x86_64-linux-gnu --target=x86_64-linux-gnu
Thread model: posix
gcc version 4.8.4 (Ubuntu 4.8.4-2ubuntu1~14.04.1) 
configure:5149: $? = 0
configure:5138: gcc -V >&5
gcc: error: unrecognized command line option '-V'
gcc: fatal error: no input files
compilation terminated.
configure:5149: $? = 4
configure:5138: gcc -qversion >&5
gcc: error: unrecognized command line option '-qversion'
gcc: fatal error: no input files
compilation terminated.
configure:5149: $? = 4
configure:5153: checking whether we are using the GNU C compiler
configure:5172: gcc -c   conftest.c >&5
configure:5172: $? = 0
configure:5181: result: yes
configure:5190: checking whether gcc accepts -g
configure:5210: gcc -c -g  conftest.c >&5
configure:5210: $? = 0
configure:5251: result: yes
configure:5268: checking for gcc option to accept ISO C89
configure:5331: gcc  -c -g -O2  conftest.c >&5
configure:5331: $? = 0
configure:5344: result: none needed
configure:5369: checking whether gcc understands -c and -o together
configure:5391: gcc -c conftest.c -o conftest2.o
configure:5394: $? = 0
configure:5391: gcc -c conftest.c -o conftest2.o
configure:5394: $? = 0
configure:5406: result: yes
configure:5425: checking dependency style of gcc
configure:5536: result: gcc3
configure:5551: checking for a sed that does not truncate output
configure:5615: result: /bin/sed
configure:5633: checking for grep that handles long lines and -e
configure:5691: result: /bin/grep
configure:5696: checking for egrep
configure:5758: result: /bin/grep -E
configure:5763: checking for fgrep
configure:5825: result: /bin/grep -F
configure:5860: checking for ld used by gcc
configure:5927: result: /usr/bin/ld
configure:5934: checking if the linker (/usr/bin/ld) is GNU ld
configure:5949: result: yes
configure:5961: checking for BSD- or MS-compatible name lister (nm)
configure:6010: result: /usr/bin/nm -B
configure:6140: checking the name lister (/usr/bin/nm -B) interface
configure:6147: gcc -c -g -O2  conftest.c >&5
configure:6150: /usr/bin/nm -B "conftest.o"
configure:6153: output
0000000000000000 B some_variable
configure:6160: result: BSD nm
configure:6163: checking whether ln -s works
configure:6167: result: yes
configure:6175: checking the maximum length of command line arguments
configure:6306: result: 3458764513820540925
configure:6323: checking whether the shell understands some XSI constructs
configure:6333: result: yes
configure:6337: checking whether the shell understands "+="
configure:6343: result: yes
configure:6378: checking how to convert x86_64-unknown-linux-gnu file names to x86_64-unknown-linux-gnu format
configure:6418: result: func_convert_file_noop
configure:6425: checking how to convert x86_64-unknown-linux-gnu file names to toolchain format
configure:6445: result: func_convert_file_noop
configure:6452: checking for /usr/bin/ld option to reload object files
configure:6459: result: -r
configure:6533: checking for objdump
configure:6549: found /usr/bin/objdump
configure:6560: result: objdump
configure:6592: checking how to recognize dependent libraries
configure:6790: result: pass_all
configure:6875: checking for dlltool
configure:6905: result: no
configure:6935: checking how to associate runtime and link libraries
configure:6962: result: printf %s\n
configure:7023: checking for ar
configure:7039: found /usr/bin/ar
configure:7050: result: ar
configure:7087: checking for archiver @FILE support
configure:7104: gcc -c -g -O2  conftest.c >&5
configure:7104: $? = 0
configure:7107: ar cru libconftest.a @conftest.lst >&5
configure:7110: $? = 0
configure:7115: ar cru libconftest.a @conftest.lst >&5
ar: conftest.o: No such file or directory
configure:7118: $? = 1
configure:7130: result: @
configure:7188: checking for strip
configure:7204: found /usr/bin/strip
configure:7215: result: strip
configure:7287: checking for ranlib
configure:7303: found /usr/bin/ranlib
configure:7314: result: ranlib
configure:7416: checking command to parse /usr/bin/nm -B output from gcc object
configure:7536: gcc -c -g -O2  conftest.c >&5
configure:7539: $? = 0
configure:7543: /usr/bin/nm -B conftest.o \| sed -n -e 's/^.*[ ]\([ABCDGIRSTW][ABCDGIRSTW]*\)[ ][ ]*\([_A-Za-z][_A-Za-z0-9]*\)$/\1 \2 \2/p' | sed '/ __gnu_lto/d' \> conftest.nm
configure:7546: $? = 0
configure:7612: gcc -o conftest -g -O2   conftest.c conftstm.o >&5
configure:7615: $? = 0
configure:7653: result: ok
configure:7690: checking for sysroot
configure:7720: result: no
configure:7797: gcc -c -g -O2  conftest.c >&5
configure:7800: $? = 0
configure:7989: checking for mt
configure:8005: found /bin/mt
configure:8016: result: mt
configure:8039: checking if mt is a manifest tool
configure:8045: mt '-?'
configure:8053: result: no
configure:8695: checking how to run the C preprocessor
configure:8726: gcc -E  conftest.c
configure:8726: $? = 0
configure:8740: gcc -E  conftest.c
conftest.c:9:28: fatal error: ac_nonexistent.h: No such file or directory
 #include <ac_nonexistent.h>
                            ^
compilation terminated.
configure:8740: $? = 1
configure: failed program was:
| /* confdefs.h */
| #define PACKAGE_NAME "VCoin Core"
| #define PACKAGE_TARNAME "vcoin"
| #define PACKAGE_VERSION "0.12.1"
| #define PACKAGE_STRING "VCoin Core 0.12.1"
| #define PACKAGE_BUGREPORT "https://github.com/vcoin/vcoin/issues"
| #define PACKAGE_URL ""
| /* end confdefs.h.  */
| #include <ac_nonexistent.h>
configure:8765: result: gcc -E
configure:8785: gcc -E  conftest.c
configure:8785: $? = 0
configure:8799: gcc -E  conftest.c
conftest.c:9:28: fatal error: ac_nonexistent.h: No such file or directory
 #include <ac_nonexistent.h>
                            ^
compilation terminated.
configure:8799: $? = 1
configure: failed program was:
| /* confdefs.h */
| #define PACKAGE_NAME "VCoin Core"
| #define PACKAGE_TARNAME "vcoin"
| #define PACKAGE_VERSION "0.12.1"
| #define PACKAGE_STRING "VCoin Core 0.12.1"
| #define PACKAGE_BUGREPORT "https://github.com/vcoin/vcoin/issues"
| #define PACKAGE_URL ""
| /* end confdefs.h.  */
| #include <ac_nonexistent.h>
configure:8828: checking for ANSI C header files
configure:8848: gcc -c -g -O2  conftest.c >&5
configure:8848: $? = 0
configure:8921: gcc -o conftest -g -O2   conftest.c  >&5
configure:8921: $? = 0
configure:8921: ./conftest
configure:8921: $? = 0
configure:8932: result: yes
configure:8945: checking for sys/types.h
configure:8945: gcc -c -g -O2  conftest.c >&5
configure:8945: $? = 0
configure:8945: result: yes
configure:8945: checking for sys/stat.h
configure:8945: gcc -c -g -O2  conftest.c >&5
configure:8945: $? = 0
configure:8945: result: yes
configure:8945: checking for stdlib.h
configure:8945: gcc -c -g -O2  conftest.c >&5
configure:8945: $? = 0
configure:8945: result: yes
configure:8945: checking for string.h
configure:8945: gcc -c -g -O2  conftest.c >&5
configure:8945: $? = 0
configure:8945: result: yes
configure:8945: checking for memory.h
configure:8945: gcc -c -g -O2  conftest.c >&5
configure:8945: $? = 0
configure:8945: result: yes
configure:8945: checking for strings.h
configure:8945: gcc -c -g -O2  conftest.c >&5
configure:8945: $? = 0
configure:8945: result: yes
configure:8945: checking for inttypes.h
configure:8945: gcc -c -g -O2  conftest.c >&5
configure:8945: $? = 0
configure:8945: result: yes
configure:8945: checking for stdint.h
configure:8945: gcc -c -g -O2  conftest.c >&5
configure:8945: $? = 0
configure:8945: result: yes
configure:8945: checking for unistd.h
configure:8945: gcc -c -g -O2  conftest.c >&5
configure:8945: $? = 0
configure:8945: result: yes
configure:8959: checking for dlfcn.h
configure:8959: gcc -c -g -O2  conftest.c >&5
configure:8959: $? = 0
configure:8959: result: yes
configure:9175: checking for objdir
configure:9190: result: .libs
configure:9461: checking if gcc supports -fno-rtti -fno-exceptions
configure:9479: gcc -c -g -O2  -fno-rtti -fno-exceptions conftest.c >&5
cc1: warning: command line option '-fno-rtti' is valid for C++/ObjC++ but not for C [enabled by default]
configure:9483: $? = 0
configure:9496: result: no
configure:9823: checking for gcc option to produce PIC
configure:9830: result: -fPIC -DPIC
configure:9838: checking if gcc PIC flag -fPIC -DPIC works
configure:9856: gcc -c -g -O2  -fPIC -DPIC -DPIC conftest.c >&5
configure:9860: $? = 0
configure:9873: result: yes
configure:9902: checking if gcc static flag -static works
configure:9930: result: yes
configure:9945: checking if gcc supports -c -o file.o
configure:9966: gcc -c -g -O2  -o out/conftest2.o conftest.c >&5
configure:9970: $? = 0
configure:9992: result: yes
configure:10000: checking if gcc supports -c -o file.o
configure:10047: result: yes
configure:10080: checking whether the gcc linker (/usr/bin/ld -m elf_x86_64) supports shared libraries
configure:11237: result: yes
configure:11477: checking dynamic linker characteristics
configure:11977: gcc -o conftest -g -O2   -Wl,-rpath -Wl,/foo conftest.c  >&5
configure:11977: $? = 0
configure:12211: result: GNU/Linux ld.so
configure:12318: checking how to hardcode library paths into programs
configure:12343: result: immediate
configure:12883: checking whether stripping libraries is possible
configure:12888: result: yes
configure:12923: checking if libtool supports shared libraries
configure:12925: result: yes
configure:12928: checking whether to build shared libraries
configure:12949: result: no
configure:12952: checking whether to build static libraries
configure:12956: result: yes
configure:12979: checking how to run the C++ preprocessor
configure:13006: g++ -E  conftest.cpp
configure:13006: $? = 0
configure:13020: g++ -E  conftest.cpp
conftest.cpp:21:28: fatal error: ac_nonexistent.h: No such file or directory
 #include <ac_nonexistent.h>
                            ^
compilation terminated.
configure:13020: $? = 1
configure: failed program was:
| /* confdefs.h */
| #define PACKAGE_NAME "VCoin Core"
| #define PACKAGE_TARNAME "vcoin"
| #define PACKAGE_VERSION "0.12.1"
| #define PACKAGE_STRING "VCoin Core 0.12.1"
| #define PACKAGE_BUGREPORT "https://github.com/vcoin/vcoin/issues"
| #define PACKAGE_URL ""
| #define STDC_HEADERS 1
| #define HAVE_SYS_TYPES_H 1
| #define HAVE_SYS_STAT_H 1
| #define HAVE_STDLIB_H 1
| #define HAVE_STRING_H 1
| #define HAVE_MEMORY_H 1
| #define HAVE_STRINGS_H 1
| #define HAVE_INTTYPES_H 1
| #define HAVE_STDINT_H 1
| #define HAVE_UNISTD_H 1
| #define HAVE_DLFCN_H 1
| #define LT_OBJDIR ".libs/"
| /* end confdefs.h.  */
| #include <ac_nonexistent.h>
configure:13045: result: g++ -E
configure:13065: g++ -E  conftest.cpp
configure:13065: $? = 0
configure:13079: g++ -E  conftest.cpp
conftest.cpp:21:28: fatal error: ac_nonexistent.h: No such file or directory
 #include <ac_nonexistent.h>
                            ^
compilation terminated.
configure:13079: $? = 1
configure: failed program was:
| /* confdefs.h */
| #define PACKAGE_NAME "VCoin Core"
| #define PACKAGE_TARNAME "vcoin"
| #define PACKAGE_VERSION "0.12.1"
| #define PACKAGE_STRING "VCoin Core 0.12.1"
| #define PACKAGE_BUGREPORT "https://github.com/vcoin/vcoin/issues"
| #define PACKAGE_URL ""
| #define STDC_HEADERS 1
| #define HAVE_SYS_TYPES_H 1
| #define HAVE_SYS_STAT_H 1
| #define HAVE_STDLIB_H 1
| #define HAVE_STRING_H 1
| #define HAVE_MEMORY_H 1
| #define HAVE_STRINGS_H 1
| #define HAVE_INTTYPES_H 1
| #define HAVE_STDINT_H 1
| #define HAVE_UNISTD_H 1
| #define HAVE_DLFCN_H 1
| #define LT_OBJDIR ".libs/"
| /* end confdefs.h.  */
| #include <ac_nonexistent.h>
configure:13248: checking for ld used by g++
configure:13315: result: /usr/bin/ld -m elf_x86_64
configure:13322: checking if the linker (/usr/bin/ld -m elf_x86_64) is GNU ld
configure:13337: result: yes
configure:13392: checking whether the g++ linker (/usr/bin/ld -m elf_x86_64) supports shared libraries
configure:14394: result: yes
configure:14430: g++ -c -g -O2  conftest.cpp >&5
configure:14433: $? = 0
configure:14953: checking for g++ option to produce PIC
configure:14960: result: -fPIC -DPIC
configure:14968: checking if g++ PIC flag -fPIC -DPIC works
configure:14986: g++ -c -g -O2  -fPIC -DPIC -DPIC conftest.cpp >&5
configure:14990: $? = 0
configure:15003: result: yes
configure:15026: checking if g++ static flag -static works
configure:15054: result: yes
configure:15066: checking if g++ supports -c -o file.o
configure:15087: g++ -c -g -O2  -o out/conftest2.o conftest.cpp >&5
configure:15091: $? = 0
configure:15113: result: yes
configure:15118: checking if g++ supports -c -o file.o
configure:15165: result: yes
configure:15195: checking whether the g++ linker (/usr/bin/ld -m elf_x86_64) supports shared libraries
configure:15234: result: yes
configure:15375: checking dynamic linker characteristics
configure:16043: result: GNU/Linux ld.so
configure:16096: checking how to hardcode library paths into programs
configure:16121: result: immediate
configure:16229: checking for ar
configure:16247: found /usr/bin/ar
configure:16259: result: /usr/bin/ar
configure:16327: checking for ranlib
configure:16345: found /usr/bin/ranlib
configure:16357: result: /usr/bin/ranlib
configure:16425: checking for strip
configure:16443: found /usr/bin/strip
configure:16455: result: /usr/bin/strip
configure:16523: checking for gcov
configure:16541: found /usr/bin/gcov
configure:16553: result: /usr/bin/gcov
configure:16577: checking for lcov
configure:16610: result: no
configure:16617: checking for java
configure:16635: found /usr/bin/java
configure:16647: result: /usr/bin/java
configure:16657: checking for python
configure:16675: found /usr/bin/python
configure:16687: result: /usr/bin/python
configure:16697: checking for genhtml
configure:16730: result: no
configure:16737: checking for git
configure:16755: found /usr/bin/git
configure:16767: result: /usr/bin/git
configure:16777: checking for ccache
configure:16810: result: no
configure:16817: checking for xgettext
configure:16835: found /usr/bin/xgettext
configure:16847: result: /usr/bin/xgettext
configure:16857: checking for hexdump
configure:16875: found /usr/bin/hexdump
configure:16887: result: /usr/bin/hexdump
configure:16941: checking for readelf
configure:16959: found /usr/bin/readelf
configure:16971: result: /usr/bin/readelf
configure:17039: checking for c++filt
configure:17057: found /usr/bin/c++filt
configure:17069: result: /usr/bin/c++filt
configure:17146: checking for pkg-config
configure:17164: found /usr/bin/pkg-config
configure:17176: result: /usr/bin/pkg-config
configure:17201: checking pkg-config is at least version 0.9.0
configure:17204: result: yes
configure:18889: checking whether byte ordering is bigendian
configure:18904: g++ -c -g -O2 -Wall -Wextra -Wformat -Wformat-security -Wno-unused-parameter -Wno-self-assign  -DHAVE_BUILD_INFO -D__STDC_FORMAT_MACROS conftest.cpp >&5
conftest.cpp:22:9: error: expected unqualified-id before 'not' token
         not a universal capable compiler
         ^
cc1plus: warning: unrecognized command line option "-Wno-self-assign" [enabled by default]
configure:18904: $? = 1
configure: failed program was:
| /* confdefs.h */
| #define PACKAGE_NAME "VCoin Core"
| #define PACKAGE_TARNAME "vcoin"
| #define PACKAGE_VERSION "0.12.1"
| #define PACKAGE_STRING "VCoin Core 0.12.1"
| #define PACKAGE_BUGREPORT "https://github.com/vcoin/vcoin/issues"
| #define PACKAGE_URL ""
| #define STDC_HEADERS 1
| #define HAVE_SYS_TYPES_H 1
| #define HAVE_SYS_STAT_H 1
| #define HAVE_STDLIB_H 1
| #define HAVE_STRING_H 1
| #define HAVE_MEMORY_H 1
| #define HAVE_STRINGS_H 1
| #define HAVE_INTTYPES_H 1
| #define HAVE_STDINT_H 1
| #define HAVE_UNISTD_H 1
| #define HAVE_DLFCN_H 1
| #define LT_OBJDIR ".libs/"
| /* end confdefs.h.  */
| #ifndef __APPLE_CC__
| 	       not a universal capable compiler
| 	     #endif
| 	     typedef int dummy;
| 
configure:18949: g++ -c -g -O2 -Wall -Wextra -Wformat -Wformat-security -Wno-unused-parameter -Wno-self-assign  -DHAVE_BUILD_INFO -D__STDC_FORMAT_MACROS conftest.cpp >&5
configure:18949: $? = 0
configure:18967: g++ -c -g -O2 -Wall -Wextra -Wformat -Wformat-security -Wno-unused-parameter -Wno-self-assign  -DHAVE_BUILD_INFO -D__STDC_FORMAT_MACROS conftest.cpp >&5
conftest.cpp: In function 'int main()':
conftest.cpp:28:8: error: 'big' was not declared in this scope
    not big endian
        ^
conftest.cpp:28:12: error: expected ';' before 'endian'
    not big endian
            ^
At global scope:
cc1plus: warning: unrecognized command line option "-Wno-self-assign" [enabled by default]
configure:18967: $? = 1
configure: failed program was:
| /* confdefs.h */
| #define PACKAGE_NAME "VCoin Core"
| #define PACKAGE_TARNAME "vcoin"
| #define PACKAGE_VERSION "0.12.1"
| #define PACKAGE_STRING "VCoin Core 0.12.1"
| #define PACKAGE_BUGREPORT "https://github.com/vcoin/vcoin/issues"
| #define PACKAGE_URL ""
| #define STDC_HEADERS 1
| #define HAVE_SYS_TYPES_H 1
| #define HAVE_SYS_STAT_H 1
| #define HAVE_STDLIB_H 1
| #define HAVE_STRING_H 1
| #define HAVE_MEMORY_H 1
| #define HAVE_STRINGS_H 1
| #define HAVE_INTTYPES_H 1
| #define HAVE_STDINT_H 1
| #define HAVE_UNISTD_H 1
| #define HAVE_DLFCN_H 1
| #define LT_OBJDIR ".libs/"
| /* end confdefs.h.  */
| #include <sys/types.h>
| 		#include <sys/param.h>
| 
| int
| main ()
| {
| #if BYTE_ORDER != BIG_ENDIAN
| 		 not big endian
| 		#endif
| 
|   ;
|   return 0;
| }
configure:19095: result: no
configure:19226: checking if compiler needs -Werror to reject unknown flags
configure:19242: gcc -c -g -O2 -Werror -Wunknown-warning-option -Wsizeof-array-argument  -DHAVE_BUILD_INFO -D__STDC_FORMAT_MACROS conftest.c >&5
gcc: error: unrecognized command line option '-Wunknown-warning-option'
gcc: error: unrecognized command line option '-Wsizeof-array-argument'
configure:19242: $? = 1
configure: failed program was:
| /* confdefs.h */
| #define PACKAGE_NAME "VCoin Core"
| #define PACKAGE_TARNAME "vcoin"
| #define PACKAGE_VERSION "0.12.1"
| #define PACKAGE_STRING "VCoin Core 0.12.1"
| #define PACKAGE_BUGREPORT "https://github.com/vcoin/vcoin/issues"
| #define PACKAGE_URL ""
| #define STDC_HEADERS 1
| #define HAVE_SYS_TYPES_H 1
| #define HAVE_SYS_STAT_H 1
| #define HAVE_STDLIB_H 1
| #define HAVE_STRING_H 1
| #define HAVE_MEMORY_H 1
| #define HAVE_STRINGS_H 1
| #define HAVE_INTTYPES_H 1
| #define HAVE_STDINT_H 1
| #define HAVE_UNISTD_H 1
| #define HAVE_DLFCN_H 1
| #define LT_OBJDIR ".libs/"
| /* end confdefs.h.  */
| int foo(void);
| int
| main ()
| {
| foo()
|   ;
|   return 0;
| }
configure:19247: result: no
configure:19313: checking for the pthreads library -lpthreads
configure:19351: gcc -o conftest -g -O2    -DHAVE_BUILD_INFO -D__STDC_FORMAT_MACROS  conftest.c -lpthreads  >&5
/usr/bin/ld: cannot find -lpthreads
collect2: error: ld returned 1 exit status
configure:19351: $? = 1
configure: failed program was:
| /* confdefs.h */
| #define PACKAGE_NAME "VCoin Core"
| #define PACKAGE_TARNAME "vcoin"
| #define PACKAGE_VERSION "0.12.1"
| #define PACKAGE_STRING "VCoin Core 0.12.1"
| #define PACKAGE_BUGREPORT "https://github.com/vcoin/vcoin/issues"
| #define PACKAGE_URL ""
| #define STDC_HEADERS 1
| #define HAVE_SYS_TYPES_H 1
| #define HAVE_SYS_STAT_H 1
| #define HAVE_STDLIB_H 1
| #define HAVE_STRING_H 1
| #define HAVE_MEMORY_H 1
| #define HAVE_STRINGS_H 1
| #define HAVE_INTTYPES_H 1
| #define HAVE_STDINT_H 1
| #define HAVE_UNISTD_H 1
| #define HAVE_DLFCN_H 1
| #define LT_OBJDIR ".libs/"
| /* end confdefs.h.  */
| #include <pthread.h>
|                         static void routine(void *a) { a = 0; }
|                         static void *start_routine(void *a) { return a; }
| int
| main ()
| {
| pthread_t th; pthread_attr_t attr;
|                         pthread_create(&th, 0, start_routine, 0);
|                         pthread_join(th, 0);
|                         pthread_attr_init(&attr);
|                         pthread_cleanup_push(routine, 0);
|                         pthread_cleanup_pop(0) /* ; */
|   ;
|   return 0;
| }
configure:19360: result: no
configure:19258: checking whether pthreads work without any flags
configure:19351: gcc -o conftest -g -O2    -DHAVE_BUILD_INFO -D__STDC_FORMAT_MACROS  conftest.c   >&5
/tmp/cc5OaxJw.o: In function `main':
/home/rootx/rrp/ip/v/conftest.c:28: undefined reference to `pthread_create'
/home/rootx/rrp/ip/v/conftest.c:29: undefined reference to `pthread_join'
/home/rootx/rrp/ip/v/conftest.c:31: undefined reference to `__pthread_register_cancel'
/home/rootx/rrp/ip/v/conftest.c:32: undefined reference to `__pthread_unregister_cancel'
collect2: error: ld returned 1 exit status
configure:19351: $? = 1
configure: failed program was:
| /* confdefs.h */
| #define PACKAGE_NAME "VCoin Core"
| #define PACKAGE_TARNAME "vcoin"
| #define PACKAGE_VERSION "0.12.1"
| #define PACKAGE_STRING "VCoin Core 0.12.1"
| #define PACKAGE_BUGREPORT "https://github.com/vcoin/vcoin/issues"
| #define PACKAGE_URL ""
| #define STDC_HEADERS 1
| #define HAVE_SYS_TYPES_H 1
| #define HAVE_SYS_STAT_H 1
| #define HAVE_STDLIB_H 1
| #define HAVE_STRING_H 1
| #define HAVE_MEMORY_H 1
| #define HAVE_STRINGS_H 1
| #define HAVE_INTTYPES_H 1
| #define HAVE_STDINT_H 1
| #define HAVE_UNISTD_H 1
| #define HAVE_DLFCN_H 1
| #define LT_OBJDIR ".libs/"
| /* end confdefs.h.  */
| #include <pthread.h>
|                         static void routine(void *a) { a = 0; }
|                         static void *start_routine(void *a) { return a; }
| int
| main ()
| {
| pthread_t th; pthread_attr_t attr;
|                         pthread_create(&th, 0, start_routine, 0);
|                         pthread_join(th, 0);
|                         pthread_attr_init(&attr);
|                         pthread_cleanup_push(routine, 0);
|                         pthread_cleanup_pop(0) /* ; */
|   ;
|   return 0;
| }
configure:19360: result: no
configure:19263: checking whether pthreads work with -Kthread
configure:19351: gcc -o conftest -g -O2 -Kthread   -DHAVE_BUILD_INFO -D__STDC_FORMAT_MACROS  conftest.c   >&5
gcc: error: unrecognized command line option '-Kthread'
configure:19351: $? = 1
configure: failed program was:
| /* confdefs.h */
| #define PACKAGE_NAME "VCoin Core"
| #define PACKAGE_TARNAME "vcoin"
| #define PACKAGE_VERSION "0.12.1"
| #define PACKAGE_STRING "VCoin Core 0.12.1"
| #define PACKAGE_BUGREPORT "https://github.com/vcoin/vcoin/issues"
| #define PACKAGE_URL ""
| #define STDC_HEADERS 1
| #define HAVE_SYS_TYPES_H 1
| #define HAVE_SYS_STAT_H 1
| #define HAVE_STDLIB_H 1
| #define HAVE_STRING_H 1
| #define HAVE_MEMORY_H 1
| #define HAVE_STRINGS_H 1
| #define HAVE_INTTYPES_H 1
| #define HAVE_STDINT_H 1
| #define HAVE_UNISTD_H 1
| #define HAVE_DLFCN_H 1
| #define LT_OBJDIR ".libs/"
| /* end confdefs.h.  */
| #include <pthread.h>
|                         static void routine(void *a) { a = 0; }
|                         static void *start_routine(void *a) { return a; }
| int
| main ()
| {
| pthread_t th; pthread_attr_t attr;
|                         pthread_create(&th, 0, start_routine, 0);
|                         pthread_join(th, 0);
|                         pthread_attr_init(&attr);
|                         pthread_cleanup_push(routine, 0);
|                         pthread_cleanup_pop(0) /* ; */
|   ;
|   return 0;
| }
configure:19360: result: no
configure:19263: checking whether pthreads work with -kthread
configure:19351: gcc -o conftest -g -O2 -kthread   -DHAVE_BUILD_INFO -D__STDC_FORMAT_MACROS  conftest.c   >&5
gcc: error: unrecognized command line option '-kthread'
configure:19351: $? = 1
configure: failed program was:
| /* confdefs.h */
| #define PACKAGE_NAME "VCoin Core"
| #define PACKAGE_TARNAME "vcoin"
| #define PACKAGE_VERSION "0.12.1"
| #define PACKAGE_STRING "VCoin Core 0.12.1"
| #define PACKAGE_BUGREPORT "https://github.com/vcoin/vcoin/issues"
| #define PACKAGE_URL ""
| #define STDC_HEADERS 1
| #define HAVE_SYS_TYPES_H 1
| #define HAVE_SYS_STAT_H 1
| #define HAVE_STDLIB_H 1
| #define HAVE_STRING_H 1
| #define HAVE_MEMORY_H 1
| #define HAVE_STRINGS_H 1
| #define HAVE_INTTYPES_H 1
| #define HAVE_STDINT_H 1
| #define HAVE_UNISTD_H 1
| #define HAVE_DLFCN_H 1
| #define LT_OBJDIR ".libs/"
| /* end confdefs.h.  */
| #include <pthread.h>
|                         static void routine(void *a) { a = 0; }
|                         static void *start_routine(void *a) { return a; }
| int
| main ()
| {
| pthread_t th; pthread_attr_t attr;
|                         pthread_create(&th, 0, start_routine, 0);
|                         pthread_join(th, 0);
|                         pthread_attr_init(&attr);
|                         pthread_cleanup_push(routine, 0);
|                         pthread_cleanup_pop(0) /* ; */
|   ;
|   return 0;
| }
configure:19360: result: no
configure:19313: checking for the pthreads library -llthread
configure:19351: gcc -o conftest -g -O2    -DHAVE_BUILD_INFO -D__STDC_FORMAT_MACROS  conftest.c -llthread  >&5
/usr/bin/ld: cannot find -llthread
collect2: error: ld returned 1 exit status
configure:19351: $? = 1
configure: failed program was:
| /* confdefs.h */
| #define PACKAGE_NAME "VCoin Core"
| #define PACKAGE_TARNAME "vcoin"
| #define PACKAGE_VERSION "0.12.1"
| #define PACKAGE_STRING "VCoin Core 0.12.1"
| #define PACKAGE_BUGREPORT "https://github.com/vcoin/vcoin/issues"
| #define PACKAGE_URL ""
| #define STDC_HEADERS 1
| #define HAVE_SYS_TYPES_H 1
| #define HAVE_SYS_STAT_H 1
| #define HAVE_STDLIB_H 1
| #define HAVE_STRING_H 1
| #define HAVE_MEMORY_H 1
| #define HAVE_STRINGS_H 1
| #define HAVE_INTTYPES_H 1
| #define HAVE_STDINT_H 1
| #define HAVE_UNISTD_H 1
| #define HAVE_DLFCN_H 1
| #define LT_OBJDIR ".libs/"
| /* end confdefs.h.  */
| #include <pthread.h>
|                         static void routine(void *a) { a = 0; }
|                         static void *start_routine(void *a) { return a; }
| int
| main ()
| {
| pthread_t th; pthread_attr_t attr;
|                         pthread_create(&th, 0, start_routine, 0);
|                         pthread_join(th, 0);
|                         pthread_attr_init(&attr);
|                         pthread_cleanup_push(routine, 0);
|                         pthread_cleanup_pop(0) /* ; */
|   ;
|   return 0;
| }
configure:19360: result: no
configure:19263: checking whether pthreads work with -pthread
configure:19351: gcc -o conftest -g -O2 -pthread   -DHAVE_BUILD_INFO -D__STDC_FORMAT_MACROS  conftest.c   >&5
configure:19351: $? = 0
configure:19360: result: yes
configure:19379: checking for joinable pthread attribute
configure:19394: gcc -o conftest -g -O2 -pthread  -DHAVE_BUILD_INFO -D__STDC_FORMAT_MACROS  conftest.c   >&5
configure:19394: $? = 0
configure:19400: result: PTHREAD_CREATE_JOINABLE
configure:19410: checking if more special flags are required for pthreads
configure:19425: result: no
configure:19431: checking for PTHREAD_PRIO_INHERIT
configure:19448: gcc -o conftest -g -O2 -pthread  -DHAVE_BUILD_INFO -D__STDC_FORMAT_MACROS  conftest.c   >&5
configure:19448: $? = 0
configure:19457: result: yes
configure:19567: checking for special C compiler options needed for large files
configure:19612: result: no
configure:19618: checking for _FILE_OFFSET_BITS value needed for large files
configure:19643: g++ -c -g -O2 -Wall -Wextra -Wformat -Wformat-security -Wno-unused-parameter -Wno-self-assign  -DHAVE_BUILD_INFO -D__STDC_FORMAT_MACROS conftest.cpp >&5
configure:19643: $? = 0
configure:19675: result: no
configure:19761: checking whether strerror_r is declared
configure:19761: g++ -c -g -O2 -Wall -Wextra -Wformat -Wformat-security -Wno-unused-parameter -Wno-self-assign  -DHAVE_BUILD_INFO -D__STDC_FORMAT_MACROS conftest.cpp >&5
configure:19761: $? = 0
configure:19761: result: yes
configure:19774: checking for strerror_r
configure:19774: g++ -o conftest -g -O2 -Wall -Wextra -Wformat -Wformat-security -Wno-unused-parameter -Wno-self-assign  -DHAVE_BUILD_INFO -D__STDC_FORMAT_MACROS  conftest.cpp  >&5
configure:19774: $? = 0
configure:19774: result: yes
configure:19783: checking whether strerror_r returns char *
configure:19807: g++ -c -g -O2 -Wall -Wextra -Wformat -Wformat-security -Wno-unused-parameter -Wno-self-assign  -DHAVE_BUILD_INFO -D__STDC_FORMAT_MACROS conftest.cpp >&5
configure:19807: $? = 0
configure:19845: result: yes
configure:19866: checking whether the linker accepts -Wl,--large-address-aware
configure:19885: g++ -o conftest -g -O2 -Wall -Wextra -Wformat -Wformat-security -Wno-unused-parameter -Wno-self-assign  -DHAVE_BUILD_INFO -D__STDC_FORMAT_MACROS   -Wl,--large-address-aware conftest.cpp  >&5
/usr/bin/ld: unrecognized option '--large-address-aware'
/usr/bin/ld: use the --help option for usage information
collect2: error: ld returned 1 exit status
configure:19885: $? = 1
configure: failed program was:
| /* confdefs.h */
| #define PACKAGE_NAME "VCoin Core"
| #define PACKAGE_TARNAME "vcoin"
| #define PACKAGE_VERSION "0.12.1"
| #define PACKAGE_STRING "VCoin Core 0.12.1"
| #define PACKAGE_BUGREPORT "https://github.com/vcoin/vcoin/issues"
| #define PACKAGE_URL ""
| #define STDC_HEADERS 1
| #define HAVE_SYS_TYPES_H 1
| #define HAVE_SYS_STAT_H 1
| #define HAVE_STDLIB_H 1
| #define HAVE_STRING_H 1
| #define HAVE_MEMORY_H 1
| #define HAVE_STRINGS_H 1
| #define HAVE_INTTYPES_H 1
| #define HAVE_STDINT_H 1
| #define HAVE_UNISTD_H 1
| #define HAVE_DLFCN_H 1
| #define LT_OBJDIR ".libs/"
| #define HAVE_PTHREAD_PRIO_INHERIT 1
| #define HAVE_PTHREAD 1
| #define HAVE_DECL_STRERROR_R 1
| #define HAVE_STRERROR_R 1
| #define STRERROR_R_CHAR_P 1
| /* end confdefs.h.  */
| 
| int
| main ()
| {
| 
|   ;
|   return 0;
| }
configure:19894: result: no
configure:19906: checking for __attribute__((visibility))
configure:19928: g++ -o conftest -g -O2 -Wall -Wextra -Wformat -Wformat-security -Wno-unused-parameter -Wno-self-assign  -DHAVE_BUILD_INFO -D__STDC_FORMAT_MACROS  conftest.cpp  >&5
configure:19928: $? = 0
configure:19941: result: yes
configure:19957: checking for __attribute__((dllexport))
configure:19978: g++ -o conftest -g -O2 -Wall -Wextra -Wformat -Wformat-security -Wno-unused-parameter -Wno-self-assign  -DHAVE_BUILD_INFO -D__STDC_FORMAT_MACROS  conftest.cpp  >&5
conftest.cpp:29:62: warning: 'dllexport' attribute directive ignored [-Wattributes]
                     __attribute__((dllexport)) int foo( void ) { return 0; }
                                                              ^
cc1plus: warning: unrecognized command line option "-Wno-self-assign" [enabled by default]
configure:19978: $? = 0
configure:19991: result: no
configure:20007: checking for __attribute__((dllimport))
configure:20028: g++ -o conftest -g -O2 -Wall -Wextra -Wformat -Wformat-security -Wno-unused-parameter -Wno-self-assign  -DHAVE_BUILD_INFO -D__STDC_FORMAT_MACROS  conftest.cpp  >&5
conftest.cpp:29:62: warning: 'dllimport' attribute directive ignored [-Wattributes]
                     int foo( void ) __attribute__((dllimport));
                                                              ^
cc1plus: warning: unrecognized command line option "-Wno-self-assign" [enabled by default]
configure:20028: $? = 0
configure:20041: result: no
configure:20141: checking for library containing clock_gettime
configure:20172: g++ -o conftest -g -O2 -Wall -Wextra -Wformat -Wformat-security -Wno-unused-parameter -Wno-self-assign  -DHAVE_BUILD_INFO -D__STDC_FORMAT_MACROS  conftest.cpp  >&5
configure:20172: $? = 0
configure:20189: result: none required
configure:20201: checking whether C++ compiler accepts -fPIC
configure:20220: g++ -c -g -O2 -Wall -Wextra -Wformat -Wformat-security -Wno-unused-parameter -Wno-self-assign  -fPIC  -DHAVE_BUILD_INFO -D__STDC_FORMAT_MACROS conftest.cpp >&5
configure:20220: $? = 0
configure:20228: result: yes
configure:20239: checking whether C++ compiler accepts -Wstack-protector
configure:20258: g++ -c -g -O2 -Wall -Wextra -Wformat -Wformat-security -Wno-unused-parameter -Wno-self-assign  -Wstack-protector  -DHAVE_BUILD_INFO -D__STDC_FORMAT_MACROS conftest.cpp >&5
configure:20258: $? = 0
configure:20266: result: yes
configure:20274: checking whether C++ compiler accepts -fstack-protector-all
configure:20293: g++ -c -g -O2 -Wall -Wextra -Wformat -Wformat-security -Wno-unused-parameter -Wno-self-assign  -fstack-protector-all  -DHAVE_BUILD_INFO -D__STDC_FORMAT_MACROS conftest.cpp >&5
configure:20293: $? = 0
configure:20301: result: yes
configure:20311: checking whether C++ preprocessor accepts -D_FORTIFY_SOURCE=2
configure:20330: g++ -E  -DHAVE_BUILD_INFO -D__STDC_FORMAT_MACROS  -D_FORTIFY_SOURCE=2 conftest.cpp
configure:20330: $? = 0
configure:20338: result: yes
configure:20342: checking whether C++ preprocessor accepts -U_FORTIFY_SOURCE
configure:20361: g++ -E  -DHAVE_BUILD_INFO -D__STDC_FORMAT_MACROS  -U_FORTIFY_SOURCE conftest.cpp
configure:20361: $? = 0
configure:20369: result: yes
configure:20386: checking whether the linker accepts -Wl,--dynamicbase
configure:20405: g++ -o conftest -g -O2 -Wall -Wextra -Wformat -Wformat-security -Wno-unused-parameter -Wno-self-assign  -DHAVE_BUILD_INFO -D__STDC_FORMAT_MACROS   -Wl,--dynamicbase conftest.cpp  >&5
/usr/bin/ld: unrecognized option '--dynamicbase'
/usr/bin/ld: use the --help option for usage information
collect2: error: ld returned 1 exit status
configure:20405: $? = 1
configure: failed program was:
| /* confdefs.h */
| #define PACKAGE_NAME "VCoin Core"
| #define PACKAGE_TARNAME "vcoin"
| #define PACKAGE_VERSION "0.12.1"
| #define PACKAGE_STRING "VCoin Core 0.12.1"
| #define PACKAGE_BUGREPORT "https://github.com/vcoin/vcoin/issues"
| #define PACKAGE_URL ""
| #define STDC_HEADERS 1
| #define HAVE_SYS_TYPES_H 1
| #define HAVE_SYS_STAT_H 1
| #define HAVE_STDLIB_H 1
| #define HAVE_STRING_H 1
| #define HAVE_MEMORY_H 1
| #define HAVE_STRINGS_H 1
| #define HAVE_INTTYPES_H 1
| #define HAVE_STDINT_H 1
| #define HAVE_UNISTD_H 1
| #define HAVE_DLFCN_H 1
| #define LT_OBJDIR ".libs/"
| #define HAVE_PTHREAD_PRIO_INHERIT 1
| #define HAVE_PTHREAD 1
| #define HAVE_DECL_STRERROR_R 1
| #define HAVE_STRERROR_R 1
| #define STRERROR_R_CHAR_P 1
| #define HAVE_FUNC_ATTRIBUTE_VISIBILITY 1
| /* end confdefs.h.  */
| 
| int
| main ()
| {
| 
|   ;
|   return 0;
| }
configure:20414: result: no
configure:20422: checking whether the linker accepts -Wl,--nxcompat
configure:20441: g++ -o conftest -g -O2 -Wall -Wextra -Wformat -Wformat-security -Wno-unused-parameter -Wno-self-assign  -DHAVE_BUILD_INFO -D__STDC_FORMAT_MACROS   -Wl,--nxcompat conftest.cpp  >&5
/usr/bin/ld: unrecognized option '--nxcompat'
/usr/bin/ld: use the --help option for usage information
collect2: error: ld returned 1 exit status
configure:20441: $? = 1
configure: failed program was:
| /* confdefs.h */
| #define PACKAGE_NAME "VCoin Core"
| #define PACKAGE_TARNAME "vcoin"
| #define PACKAGE_VERSION "0.12.1"
| #define PACKAGE_STRING "VCoin Core 0.12.1"
| #define PACKAGE_BUGREPORT "https://github.com/vcoin/vcoin/issues"
| #define PACKAGE_URL ""
| #define STDC_HEADERS 1
| #define HAVE_SYS_TYPES_H 1
| #define HAVE_SYS_STAT_H 1
| #define HAVE_STDLIB_H 1
| #define HAVE_STRING_H 1
| #define HAVE_MEMORY_H 1
| #define HAVE_STRINGS_H 1
| #define HAVE_INTTYPES_H 1
| #define HAVE_STDINT_H 1
| #define HAVE_UNISTD_H 1
| #define HAVE_DLFCN_H 1
| #define LT_OBJDIR ".libs/"
| #define HAVE_PTHREAD_PRIO_INHERIT 1
| #define HAVE_PTHREAD 1
| #define HAVE_DECL_STRERROR_R 1
| #define HAVE_STRERROR_R 1
| #define STRERROR_R_CHAR_P 1
| #define HAVE_FUNC_ATTRIBUTE_VISIBILITY 1
| /* end confdefs.h.  */
| 
| int
| main ()
| {
| 
|   ;
|   return 0;
| }
configure:20450: result: no
configure:20458: checking whether the linker accepts -Wl,-z,relro
configure:20477: g++ -o conftest -g -O2 -Wall -Wextra -Wformat -Wformat-security -Wno-unused-parameter -Wno-self-assign  -DHAVE_BUILD_INFO -D__STDC_FORMAT_MACROS   -Wl,-z,relro conftest.cpp  >&5
configure:20477: $? = 0
configure:20486: result: yes
configure:20494: checking whether the linker accepts -Wl,-z,now
configure:20513: g++ -o conftest -g -O2 -Wall -Wextra -Wformat -Wformat-security -Wno-unused-parameter -Wno-self-assign  -DHAVE_BUILD_INFO -D__STDC_FORMAT_MACROS   -Wl,-z,now conftest.cpp  >&5
configure:20513: $? = 0
configure:20522: result: yes
configure:20532: checking whether C++ compiler accepts -fPIE
configure:20551: g++ -c -g -O2 -Wall -Wextra -Wformat -Wformat-security -Wno-unused-parameter -Wno-self-assign  -fPIE  -DHAVE_BUILD_INFO -D__STDC_FORMAT_MACROS conftest.cpp >&5
configure:20551: $? = 0
configure:20559: result: yes
configure:20567: checking whether the linker accepts -pie
configure:20586: g++ -o conftest -g -O2 -Wall -Wextra -Wformat -Wformat-security -Wno-unused-parameter -Wno-self-assign  -DHAVE_BUILD_INFO -D__STDC_FORMAT_MACROS   -pie conftest.cpp  >&5
configure:20586: $? = 0
configure:20595: result: yes
configure:20694: checking endian.h usability
configure:20694: g++ -c -g -O2 -Wall -Wextra -Wformat -Wformat-security -Wno-unused-parameter -Wno-self-assign  -DHAVE_BUILD_INFO -D__STDC_FORMAT_MACROS conftest.cpp >&5
configure:20694: $? = 0
configure:20694: result: yes
configure:20694: checking endian.h presence
configure:20694: g++ -E  -DHAVE_BUILD_INFO -D__STDC_FORMAT_MACROS conftest.cpp
configure:20694: $? = 0
configure:20694: result: yes
configure:20694: checking for endian.h
configure:20694: result: yes
configure:20694: checking sys/endian.h usability
configure:20694: g++ -c -g -O2 -Wall -Wextra -Wformat -Wformat-security -Wno-unused-parameter -Wno-self-assign  -DHAVE_BUILD_INFO -D__STDC_FORMAT_MACROS conftest.cpp >&5
conftest.cpp:61:24: fatal error: sys/endian.h: No such file or directory
 #include <sys/endian.h>
                        ^
compilation terminated.
configure:20694: $? = 1
configure: failed program was:
| /* confdefs.h */
| #define PACKAGE_NAME "VCoin Core"
| #define PACKAGE_TARNAME "vcoin"
| #define PACKAGE_VERSION "0.12.1"
| #define PACKAGE_STRING "VCoin Core 0.12.1"
| #define PACKAGE_BUGREPORT "https://github.com/vcoin/vcoin/issues"
| #define PACKAGE_URL ""
| #define STDC_HEADERS 1
| #define HAVE_SYS_TYPES_H 1
| #define HAVE_SYS_STAT_H 1
| #define HAVE_STDLIB_H 1
| #define HAVE_STRING_H 1
| #define HAVE_MEMORY_H 1
| #define HAVE_STRINGS_H 1
| #define HAVE_INTTYPES_H 1
| #define HAVE_STDINT_H 1
| #define HAVE_UNISTD_H 1
| #define HAVE_DLFCN_H 1
| #define LT_OBJDIR ".libs/"
| #define HAVE_PTHREAD_PRIO_INHERIT 1
| #define HAVE_PTHREAD 1
| #define HAVE_DECL_STRERROR_R 1
| #define HAVE_STRERROR_R 1
| #define STRERROR_R_CHAR_P 1
| #define HAVE_FUNC_ATTRIBUTE_VISIBILITY 1
| #define HAVE_ENDIAN_H 1
| /* end confdefs.h.  */
| #include <stdio.h>
| #ifdef HAVE_SYS_TYPES_H
| # include <sys/types.h>
| #endif
| #ifdef HAVE_SYS_STAT_H
| # include <sys/stat.h>
| #endif
| #ifdef STDC_HEADERS
| # include <stdlib.h>
| # include <stddef.h>
| #else
| # ifdef HAVE_STDLIB_H
| #  include <stdlib.h>
| # endif
| #endif
| #ifdef HAVE_STRING_H
| # if !defined STDC_HEADERS && defined HAVE_MEMORY_H
| #  include <memory.h>
| # endif
| # include <string.h>
| #endif
| #ifdef HAVE_STRINGS_H
| # include <strings.h>
| #endif
| #ifdef HAVE_INTTYPES_H
| # include <inttypes.h>
| #endif
| #ifdef HAVE_STDINT_H
| # include <stdint.h>
| #endif
| #ifdef HAVE_UNISTD_H
| # include <unistd.h>
| #endif
| #include <sys/endian.h>
configure:20694: result: no
configure:20694: checking sys/endian.h presence
configure:20694: g++ -E  -DHAVE_BUILD_INFO -D__STDC_FORMAT_MACROS conftest.cpp
conftest.cpp:28:24: fatal error: sys/endian.h: No such file or directory
 #include <sys/endian.h>
                        ^
compilation terminated.
configure:20694: $? = 1
configure: failed program was:
| /* confdefs.h */
| #define PACKAGE_NAME "VCoin Core"
| #define PACKAGE_TARNAME "vcoin"
| #define PACKAGE_VERSION "0.12.1"
| #define PACKAGE_STRING "VCoin Core 0.12.1"
| #define PACKAGE_BUGREPORT "https://github.com/vcoin/vcoin/issues"
| #define PACKAGE_URL ""
| #define STDC_HEADERS 1
| #define HAVE_SYS_TYPES_H 1
| #define HAVE_SYS_STAT_H 1
| #define HAVE_STDLIB_H 1
| #define HAVE_STRING_H 1
| #define HAVE_MEMORY_H 1
| #define HAVE_STRINGS_H 1
| #define HAVE_INTTYPES_H 1
| #define HAVE_STDINT_H 1
| #define HAVE_UNISTD_H 1
| #define HAVE_DLFCN_H 1
| #define LT_OBJDIR ".libs/"
| #define HAVE_PTHREAD_PRIO_INHERIT 1
| #define HAVE_PTHREAD 1
| #define HAVE_DECL_STRERROR_R 1
| #define HAVE_STRERROR_R 1
| #define STRERROR_R_CHAR_P 1
| #define HAVE_FUNC_ATTRIBUTE_VISIBILITY 1
| #define HAVE_ENDIAN_H 1
| /* end confdefs.h.  */
| #include <sys/endian.h>
configure:20694: result: no
configure:20694: checking for sys/endian.h
configure:20694: result: no
configure:20694: checking byteswap.h usability
configure:20694: g++ -c -g -O2 -Wall -Wextra -Wformat -Wformat-security -Wno-unused-parameter -Wno-self-assign  -DHAVE_BUILD_INFO -D__STDC_FORMAT_MACROS conftest.cpp >&5
configure:20694: $? = 0
configure:20694: result: yes
configure:20694: checking byteswap.h presence
configure:20694: g++ -E  -DHAVE_BUILD_INFO -D__STDC_FORMAT_MACROS conftest.cpp
configure:20694: $? = 0
configure:20694: result: yes
configure:20694: checking for byteswap.h
configure:20694: result: yes
configure:20694: checking stdio.h usability
configure:20694: g++ -c -g -O2 -Wall -Wextra -Wformat -Wformat-security -Wno-unused-parameter -Wno-self-assign  -DHAVE_BUILD_INFO -D__STDC_FORMAT_MACROS conftest.cpp >&5
configure:20694: $? = 0
configure:20694: result: yes
configure:20694: checking stdio.h presence
configure:20694: g++ -E  -DHAVE_BUILD_INFO -D__STDC_FORMAT_MACROS conftest.cpp
configure:20694: $? = 0
configure:20694: result: yes
configure:20694: checking for stdio.h
configure:20694: result: yes
configure:20694: checking for stdlib.h
configure:20694: result: yes
configure:20694: checking for unistd.h
configure:20694: result: yes
configure:20694: checking for strings.h
configure:20694: result: yes
configure:20694: checking for sys/types.h
configure:20694: result: yes
configure:20694: checking for sys/stat.h
configure:20694: result: yes
configure:20694: checking sys/select.h usability
configure:20694: g++ -c -g -O2 -Wall -Wextra -Wformat -Wformat-security -Wno-unused-parameter -Wno-self-assign  -DHAVE_BUILD_INFO -D__STDC_FORMAT_MACROS conftest.cpp >&5
configure:20694: $? = 0
configure:20694: result: yes
configure:20694: checking sys/select.h presence
configure:20694: g++ -E  -DHAVE_BUILD_INFO -D__STDC_FORMAT_MACROS conftest.cpp
configure:20694: $? = 0
configure:20694: result: yes
configure:20694: checking for sys/select.h
configure:20694: result: yes
configure:20694: checking sys/prctl.h usability
configure:20694: g++ -c -g -O2 -Wall -Wextra -Wformat -Wformat-security -Wno-unused-parameter -Wno-self-assign  -DHAVE_BUILD_INFO -D__STDC_FORMAT_MACROS conftest.cpp >&5
configure:20694: $? = 0
configure:20694: result: yes
configure:20694: checking sys/prctl.h presence
configure:20694: g++ -E  -DHAVE_BUILD_INFO -D__STDC_FORMAT_MACROS conftest.cpp
configure:20694: $? = 0
configure:20694: result: yes
configure:20694: checking for sys/prctl.h
configure:20694: result: yes
configure:20704: checking for library containing getaddrinfo_a
configure:20735: g++ -o conftest -g -O2 -Wall -Wextra -Wformat -Wformat-security -Wno-unused-parameter -Wno-self-assign  -DHAVE_BUILD_INFO -D__STDC_FORMAT_MACROS  conftest.cpp  >&5
/tmp/ccq0rBDc.o: In function `main':
/home/rootx/rrp/ip/v/conftest.cpp:48: undefined reference to `getaddrinfo_a'
collect2: error: ld returned 1 exit status
configure:20735: $? = 1
configure: failed program was:
| /* confdefs.h */
| #define PACKAGE_NAME "VCoin Core"
| #define PACKAGE_TARNAME "vcoin"
| #define PACKAGE_VERSION "0.12.1"
| #define PACKAGE_STRING "VCoin Core 0.12.1"
| #define PACKAGE_BUGREPORT "https://github.com/vcoin/vcoin/issues"
| #define PACKAGE_URL ""
| #define STDC_HEADERS 1
| #define HAVE_SYS_TYPES_H 1
| #define HAVE_SYS_STAT_H 1
| #define HAVE_STDLIB_H 1
| #define HAVE_STRING_H 1
| #define HAVE_MEMORY_H 1
| #define HAVE_STRINGS_H 1
| #define HAVE_INTTYPES_H 1
| #define HAVE_STDINT_H 1
| #define HAVE_UNISTD_H 1
| #define HAVE_DLFCN_H 1
| #define LT_OBJDIR ".libs/"
| #define HAVE_PTHREAD_PRIO_INHERIT 1
| #define HAVE_PTHREAD 1
| #define HAVE_DECL_STRERROR_R 1
| #define HAVE_STRERROR_R 1
| #define STRERROR_R_CHAR_P 1
| #define HAVE_FUNC_ATTRIBUTE_VISIBILITY 1
| #define HAVE_ENDIAN_H 1
| #define HAVE_BYTESWAP_H 1
| #define HAVE_STDIO_H 1
| #define HAVE_STDLIB_H 1
| #define HAVE_UNISTD_H 1
| #define HAVE_STRINGS_H 1
| #define HAVE_SYS_TYPES_H 1
| #define HAVE_SYS_STAT_H 1
| #define HAVE_SYS_SELECT_H 1
| #define HAVE_SYS_PRCTL_H 1
| /* end confdefs.h.  */
| 
| /* Override any GCC internal prototype to avoid an error.
|    Use char because int might match the return type of a GCC
|    builtin and then its argument prototype would still apply.  */
| #ifdef __cplusplus
| extern "C"
| #endif
| char getaddrinfo_a ();
| int
| main ()
| {
| return getaddrinfo_a ();
|   ;
|   return 0;
| }
configure:20735: g++ -o conftest -g -O2 -Wall -Wextra -Wformat -Wformat-security -Wno-unused-parameter -Wno-self-assign  -DHAVE_BUILD_INFO -D__STDC_FORMAT_MACROS  conftest.cpp -lanl   >&5
configure:20735: $? = 0
configure:20752: result: -lanl
configure:20762: checking for library containing inet_pton
configure:20793: g++ -o conftest -g -O2 -Wall -Wextra -Wformat -Wformat-security -Wno-unused-parameter -Wno-self-assign  -DHAVE_BUILD_INFO -D__STDC_FORMAT_MACROS  conftest.cpp -lanl  >&5
configure:20793: $? = 0
configure:20810: result: none required
configure:20821: checking whether strnlen is declared
configure:20821: g++ -c -g -O2 -Wall -Wextra -Wformat -Wformat-security -Wno-unused-parameter -Wno-self-assign  -DHAVE_BUILD_INFO -D__STDC_FORMAT_MACROS conftest.cpp >&5
configure:20821: $? = 0
configure:20821: result: yes
configure:20833: checking whether le16toh is declared
configure:20833: g++ -c -g -O2 -Wall -Wextra -Wformat -Wformat-security -Wno-unused-parameter -Wno-self-assign  -DHAVE_BUILD_INFO -D__STDC_FORMAT_MACROS conftest.cpp >&5
configure:20833: $? = 0
configure:20833: result: yes
configure:20848: checking whether le32toh is declared
configure:20848: g++ -c -g -O2 -Wall -Wextra -Wformat -Wformat-security -Wno-unused-parameter -Wno-self-assign  -DHAVE_BUILD_INFO -D__STDC_FORMAT_MACROS conftest.cpp >&5
configure:20848: $? = 0
configure:20848: result: yes
configure:20863: checking whether le64toh is declared
configure:20863: g++ -c -g -O2 -Wall -Wextra -Wformat -Wformat-security -Wno-unused-parameter -Wno-self-assign  -DHAVE_BUILD_INFO -D__STDC_FORMAT_MACROS conftest.cpp >&5
configure:20863: $? = 0
configure:20863: result: yes
configure:20878: checking whether htole16 is declared
configure:20878: g++ -c -g -O2 -Wall -Wextra -Wformat -Wformat-security -Wno-unused-parameter -Wno-self-assign  -DHAVE_BUILD_INFO -D__STDC_FORMAT_MACROS conftest.cpp >&5
configure:20878: $? = 0
configure:20878: result: yes
configure:20893: checking whether htole32 is declared
configure:20893: g++ -c -g -O2 -Wall -Wextra -Wformat -Wformat-security -Wno-unused-parameter -Wno-self-assign  -DHAVE_BUILD_INFO -D__STDC_FORMAT_MACROS conftest.cpp >&5
configure:20893: $? = 0
configure:20893: result: yes
configure:20908: checking whether htole64 is declared
configure:20908: g++ -c -g -O2 -Wall -Wextra -Wformat -Wformat-security -Wno-unused-parameter -Wno-self-assign  -DHAVE_BUILD_INFO -D__STDC_FORMAT_MACROS conftest.cpp >&5
configure:20908: $? = 0
configure:20908: result: yes
configure:20923: checking whether be16toh is declared
configure:20923: g++ -c -g -O2 -Wall -Wextra -Wformat -Wformat-security -Wno-unused-parameter -Wno-self-assign  -DHAVE_BUILD_INFO -D__STDC_FORMAT_MACROS conftest.cpp >&5
configure:20923: $? = 0
configure:20923: result: yes
configure:20938: checking whether be32toh is declared
configure:20938: g++ -c -g -O2 -Wall -Wextra -Wformat -Wformat-security -Wno-unused-parameter -Wno-self-assign  -DHAVE_BUILD_INFO -D__STDC_FORMAT_MACROS conftest.cpp >&5
configure:20938: $? = 0
configure:20938: result: yes
configure:20953: checking whether be64toh is declared
configure:20953: g++ -c -g -O2 -Wall -Wextra -Wformat -Wformat-security -Wno-unused-parameter -Wno-self-assign  -DHAVE_BUILD_INFO -D__STDC_FORMAT_MACROS conftest.cpp >&5
configure:20953: $? = 0
configure:20953: result: yes
configure:20968: checking whether htobe16 is declared
configure:20968: g++ -c -g -O2 -Wall -Wextra -Wformat -Wformat-security -Wno-unused-parameter -Wno-self-assign  -DHAVE_BUILD_INFO -D__STDC_FORMAT_MACROS conftest.cpp >&5
configure:20968: $? = 0
configure:20968: result: yes
configure:20983: checking whether htobe32 is declared
configure:20983: g++ -c -g -O2 -Wall -Wextra -Wformat -Wformat-security -Wno-unused-parameter -Wno-self-assign  -DHAVE_BUILD_INFO -D__STDC_FORMAT_MACROS conftest.cpp >&5
configure:20983: $? = 0
configure:20983: result: yes
configure:20998: checking whether htobe64 is declared
configure:20998: g++ -c -g -O2 -Wall -Wextra -Wformat -Wformat-security -Wno-unused-parameter -Wno-self-assign  -DHAVE_BUILD_INFO -D__STDC_FORMAT_MACROS conftest.cpp >&5
configure:20998: $? = 0
configure:20998: result: yes
configure:21015: checking whether bswap_16 is declared
configure:21015: g++ -c -g -O2 -Wall -Wextra -Wformat -Wformat-security -Wno-unused-parameter -Wno-self-assign  -DHAVE_BUILD_INFO -D__STDC_FORMAT_MACROS conftest.cpp >&5
configure:21015: $? = 0
configure:21015: result: yes
configure:21028: checking whether bswap_32 is declared
configure:21028: g++ -c -g -O2 -Wall -Wextra -Wformat -Wformat-security -Wno-unused-parameter -Wno-self-assign  -DHAVE_BUILD_INFO -D__STDC_FORMAT_MACROS conftest.cpp >&5
configure:21028: $? = 0
configure:21028: result: yes
configure:21041: checking whether bswap_64 is declared
configure:21041: g++ -c -g -O2 -Wall -Wextra -Wformat -Wformat-security -Wno-unused-parameter -Wno-self-assign  -DHAVE_BUILD_INFO -D__STDC_FORMAT_MACROS conftest.cpp >&5
configure:21041: $? = 0
configure:21041: result: yes
configure:21056: checking for MSG_NOSIGNAL
configure:21069: g++ -c -g -O2 -Wall -Wextra -Wformat -Wformat-security -Wno-unused-parameter -Wno-self-assign  -DHAVE_BUILD_INFO -D__STDC_FORMAT_MACROS conftest.cpp >&5
conftest.cpp: In function 'int main()':
conftest.cpp:59:6: warning: unused variable 'f' [-Wunused-variable]
  int f = MSG_NOSIGNAL;
      ^
At global scope:
cc1plus: warning: unrecognized command line option "-Wno-self-assign" [enabled by default]
configure:21069: $? = 0
configure:21070: result: yes
configure:21081: checking for visibility attribute
configure:21090: g++ -o conftest -g -O2 -Wall -Wextra -Wformat -Wformat-security -Wno-unused-parameter -Wno-self-assign  -DHAVE_BUILD_INFO -D__STDC_FORMAT_MACROS  conftest.cpp -lanl  >&5
configure:21090: $? = 0
configure:21095: result: yes
configure:21166: checking for Berkeley DB C++ headers
configure:21197: g++ -c -g -O2 -Wall -Wextra -Wformat -Wformat-security -Wno-unused-parameter -Wno-self-assign  -DHAVE_BUILD_INFO -D__STDC_FORMAT_MACROS conftest.cpp >&5
conftest.cpp:58:33: fatal error: bdb4.8/db_cxx.h: No such file or directory
       #include <bdb4.8/db_cxx.h>
                                 ^
compilation terminated.
configure:21197: $? = 1
configure: failed program was:
| /* confdefs.h */
| #define PACKAGE_NAME "VCoin Core"
| #define PACKAGE_TARNAME "vcoin"
| #define PACKAGE_VERSION "0.12.1"
| #define PACKAGE_STRING "VCoin Core 0.12.1"
| #define PACKAGE_BUGREPORT "https://github.com/vcoin/vcoin/issues"
| #define PACKAGE_URL ""
| #define STDC_HEADERS 1
| #define HAVE_SYS_TYPES_H 1
| #define HAVE_SYS_STAT_H 1
| #define HAVE_STDLIB_H 1
| #define HAVE_STRING_H 1
| #define HAVE_MEMORY_H 1
| #define HAVE_STRINGS_H 1
| #define HAVE_INTTYPES_H 1
| #define HAVE_STDINT_H 1
| #define HAVE_UNISTD_H 1
| #define HAVE_DLFCN_H 1
| #define LT_OBJDIR ".libs/"
| #define HAVE_PTHREAD_PRIO_INHERIT 1
| #define HAVE_PTHREAD 1
| #define HAVE_DECL_STRERROR_R 1
| #define HAVE_STRERROR_R 1
| #define STRERROR_R_CHAR_P 1
| #define HAVE_FUNC_ATTRIBUTE_VISIBILITY 1
| #define HAVE_ENDIAN_H 1
| #define HAVE_BYTESWAP_H 1
| #define HAVE_STDIO_H 1
| #define HAVE_STDLIB_H 1
| #define HAVE_UNISTD_H 1
| #define HAVE_STRINGS_H 1
| #define HAVE_SYS_TYPES_H 1
| #define HAVE_SYS_STAT_H 1
| #define HAVE_SYS_SELECT_H 1
| #define HAVE_SYS_PRCTL_H 1
| #define HAVE_GETADDRINFO_A 1
| #define HAVE_INET_PTON 1
| #define HAVE_DECL_STRNLEN 1
| #define HAVE_DECL_LE16TOH 1
| #define HAVE_DECL_LE32TOH 1
| #define HAVE_DECL_LE64TOH 1
| #define HAVE_DECL_HTOLE16 1
| #define HAVE_DECL_HTOLE32 1
| #define HAVE_DECL_HTOLE64 1
| #define HAVE_DECL_BE16TOH 1
| #define HAVE_DECL_BE32TOH 1
| #define HAVE_DECL_BE64TOH 1
| #define HAVE_DECL_HTOBE16 1
| #define HAVE_DECL_HTOBE32 1
| #define HAVE_DECL_HTOBE64 1
| #define HAVE_DECL_BSWAP_16 1
| #define HAVE_DECL_BSWAP_32 1
| #define HAVE_DECL_BSWAP_64 1
| #define HAVE_MSG_NOSIGNAL 1
| #define HAVE_VISIBILITY_ATTRIBUTE 1
| /* end confdefs.h.  */
| 
|       #include <bdb4.8/db_cxx.h>
| 
| int
| main ()
| {
| 
|       #if !((DB_VERSION_MAJOR == 4 && DB_VERSION_MINOR >= 8) || DB_VERSION_MAJOR > 4)
|         #error "failed to find bdb 4.8+"
|       #endif
| 
|   ;
|   return 0;
| }
configure:21197: g++ -c -g -O2 -Wall -Wextra -Wformat -Wformat-security -Wno-unused-parameter -Wno-self-assign  -DHAVE_BUILD_INFO -D__STDC_FORMAT_MACROS conftest.cpp >&5
conftest.cpp:58:35: fatal error: libdb4.8/db_cxx.h: No such file or directory
       #include <libdb4.8/db_cxx.h>
                                   ^
compilation terminated.
configure:21197: $? = 1
configure: failed program was:
| /* confdefs.h */
| #define PACKAGE_NAME "VCoin Core"
| #define PACKAGE_TARNAME "vcoin"
| #define PACKAGE_VERSION "0.12.1"
| #define PACKAGE_STRING "VCoin Core 0.12.1"
| #define PACKAGE_BUGREPORT "https://github.com/vcoin/vcoin/issues"
| #define PACKAGE_URL ""
| #define STDC_HEADERS 1
| #define HAVE_SYS_TYPES_H 1
| #define HAVE_SYS_STAT_H 1
| #define HAVE_STDLIB_H 1
| #define HAVE_STRING_H 1
| #define HAVE_MEMORY_H 1
| #define HAVE_STRINGS_H 1
| #define HAVE_INTTYPES_H 1
| #define HAVE_STDINT_H 1
| #define HAVE_UNISTD_H 1
| #define HAVE_DLFCN_H 1
| #define LT_OBJDIR ".libs/"
| #define HAVE_PTHREAD_PRIO_INHERIT 1
| #define HAVE_PTHREAD 1
| #define HAVE_DECL_STRERROR_R 1
| #define HAVE_STRERROR_R 1
| #define STRERROR_R_CHAR_P 1
| #define HAVE_FUNC_ATTRIBUTE_VISIBILITY 1
| #define HAVE_ENDIAN_H 1
| #define HAVE_BYTESWAP_H 1
| #define HAVE_STDIO_H 1
| #define HAVE_STDLIB_H 1
| #define HAVE_UNISTD_H 1
| #define HAVE_STRINGS_H 1
| #define HAVE_SYS_TYPES_H 1
| #define HAVE_SYS_STAT_H 1
| #define HAVE_SYS_SELECT_H 1
| #define HAVE_SYS_PRCTL_H 1
| #define HAVE_GETADDRINFO_A 1
| #define HAVE_INET_PTON 1
| #define HAVE_DECL_STRNLEN 1
| #define HAVE_DECL_LE16TOH 1
| #define HAVE_DECL_LE32TOH 1
| #define HAVE_DECL_LE64TOH 1
| #define HAVE_DECL_HTOLE16 1
| #define HAVE_DECL_HTOLE32 1
| #define HAVE_DECL_HTOLE64 1
| #define HAVE_DECL_BE16TOH 1
| #define HAVE_DECL_BE32TOH 1
| #define HAVE_DECL_BE64TOH 1
| #define HAVE_DECL_HTOBE16 1
| #define HAVE_DECL_HTOBE32 1
| #define HAVE_DECL_HTOBE64 1
| #define HAVE_DECL_BSWAP_16 1
| #define HAVE_DECL_BSWAP_32 1
| #define HAVE_DECL_BSWAP_64 1
| #define HAVE_MSG_NOSIGNAL 1
| #define HAVE_VISIBILITY_ATTRIBUTE 1
| /* end confdefs.h.  */
| 
|       #include <libdb4.8/db_cxx.h>
| 
| int
| main ()
| {
| 
|       #if !((DB_VERSION_MAJOR == 4 && DB_VERSION_MINOR >= 8) || DB_VERSION_MAJOR > 4)
|         #error "failed to find bdb 4.8+"
|       #endif
| 
|   ;
|   return 0;
| }
configure:21197: g++ -c -g -O2 -Wall -Wextra -Wformat -Wformat-security -Wno-unused-parameter -Wno-self-assign  -DHAVE_BUILD_INFO -D__STDC_FORMAT_MACROS conftest.cpp >&5
conftest.cpp:58:32: fatal error: db4.8/db_cxx.h: No such file or directory
       #include <db4.8/db_cxx.h>
                                ^
compilation terminated.
configure:21197: $? = 1
configure: failed program was:
| /* confdefs.h */
| #define PACKAGE_NAME "VCoin Core"
| #define PACKAGE_TARNAME "vcoin"
| #define PACKAGE_VERSION "0.12.1"
| #define PACKAGE_STRING "VCoin Core 0.12.1"
| #define PACKAGE_BUGREPORT "https://github.com/vcoin/vcoin/issues"
| #define PACKAGE_URL ""
| #define STDC_HEADERS 1
| #define HAVE_SYS_TYPES_H 1
| #define HAVE_SYS_STAT_H 1
| #define HAVE_STDLIB_H 1
| #define HAVE_STRING_H 1
| #define HAVE_MEMORY_H 1
| #define HAVE_STRINGS_H 1
| #define HAVE_INTTYPES_H 1
| #define HAVE_STDINT_H 1
| #define HAVE_UNISTD_H 1
| #define HAVE_DLFCN_H 1
| #define LT_OBJDIR ".libs/"
| #define HAVE_PTHREAD_PRIO_INHERIT 1
| #define HAVE_PTHREAD 1
| #define HAVE_DECL_STRERROR_R 1
| #define HAVE_STRERROR_R 1
| #define STRERROR_R_CHAR_P 1
| #define HAVE_FUNC_ATTRIBUTE_VISIBILITY 1
| #define HAVE_ENDIAN_H 1
| #define HAVE_BYTESWAP_H 1
| #define HAVE_STDIO_H 1
| #define HAVE_STDLIB_H 1
| #define HAVE_UNISTD_H 1
| #define HAVE_STRINGS_H 1
| #define HAVE_SYS_TYPES_H 1
| #define HAVE_SYS_STAT_H 1
| #define HAVE_SYS_SELECT_H 1
| #define HAVE_SYS_PRCTL_H 1
| #define HAVE_GETADDRINFO_A 1
| #define HAVE_INET_PTON 1
| #define HAVE_DECL_STRNLEN 1
| #define HAVE_DECL_LE16TOH 1
| #define HAVE_DECL_LE32TOH 1
| #define HAVE_DECL_LE64TOH 1
| #define HAVE_DECL_HTOLE16 1
| #define HAVE_DECL_HTOLE32 1
| #define HAVE_DECL_HTOLE64 1
| #define HAVE_DECL_BE16TOH 1
| #define HAVE_DECL_BE32TOH 1
| #define HAVE_DECL_BE64TOH 1
| #define HAVE_DECL_HTOBE16 1
| #define HAVE_DECL_HTOBE32 1
| #define HAVE_DECL_HTOBE64 1
| #define HAVE_DECL_BSWAP_16 1
| #define HAVE_DECL_BSWAP_32 1
| #define HAVE_DECL_BSWAP_64 1
| #define HAVE_MSG_NOSIGNAL 1
| #define HAVE_VISIBILITY_ATTRIBUTE 1
| /* end confdefs.h.  */
| 
|       #include <db4.8/db_cxx.h>
| 
| int
| main ()
| {
| 
|       #if !((DB_VERSION_MAJOR == 4 && DB_VERSION_MINOR >= 8) || DB_VERSION_MAJOR > 4)
|         #error "failed to find bdb 4.8+"
|       #endif
| 
|   ;
|   return 0;
| }
configure:21197: g++ -c -g -O2 -Wall -Wextra -Wformat -Wformat-security -Wno-unused-parameter -Wno-self-assign  -DHAVE_BUILD_INFO -D__STDC_FORMAT_MACROS conftest.cpp >&5
conftest.cpp:58:32: fatal error: bdb48/db_cxx.h: No such file or directory
       #include <bdb48/db_cxx.h>
                                ^
compilation terminated.
configure:21197: $? = 1
configure: failed program was:
| /* confdefs.h */
| #define PACKAGE_NAME "VCoin Core"
| #define PACKAGE_TARNAME "vcoin"
| #define PACKAGE_VERSION "0.12.1"
| #define PACKAGE_STRING "VCoin Core 0.12.1"
| #define PACKAGE_BUGREPORT "https://github.com/vcoin/vcoin/issues"
| #define PACKAGE_URL ""
| #define STDC_HEADERS 1
| #define HAVE_SYS_TYPES_H 1
| #define HAVE_SYS_STAT_H 1
| #define HAVE_STDLIB_H 1
| #define HAVE_STRING_H 1
| #define HAVE_MEMORY_H 1
| #define HAVE_STRINGS_H 1
| #define HAVE_INTTYPES_H 1
| #define HAVE_STDINT_H 1
| #define HAVE_UNISTD_H 1
| #define HAVE_DLFCN_H 1
| #define LT_OBJDIR ".libs/"
| #define HAVE_PTHREAD_PRIO_INHERIT 1
| #define HAVE_PTHREAD 1
| #define HAVE_DECL_STRERROR_R 1
| #define HAVE_STRERROR_R 1
| #define STRERROR_R_CHAR_P 1
| #define HAVE_FUNC_ATTRIBUTE_VISIBILITY 1
| #define HAVE_ENDIAN_H 1
| #define HAVE_BYTESWAP_H 1
| #define HAVE_STDIO_H 1
| #define HAVE_STDLIB_H 1
| #define HAVE_UNISTD_H 1
| #define HAVE_STRINGS_H 1
| #define HAVE_SYS_TYPES_H 1
| #define HAVE_SYS_STAT_H 1
| #define HAVE_SYS_SELECT_H 1
| #define HAVE_SYS_PRCTL_H 1
| #define HAVE_GETADDRINFO_A 1
| #define HAVE_INET_PTON 1
| #define HAVE_DECL_STRNLEN 1
| #define HAVE_DECL_LE16TOH 1
| #define HAVE_DECL_LE32TOH 1
| #define HAVE_DECL_LE64TOH 1
| #define HAVE_DECL_HTOLE16 1
| #define HAVE_DECL_HTOLE32 1
| #define HAVE_DECL_HTOLE64 1
| #define HAVE_DECL_BE16TOH 1
| #define HAVE_DECL_BE32TOH 1
| #define HAVE_DECL_BE64TOH 1
| #define HAVE_DECL_HTOBE16 1
| #define HAVE_DECL_HTOBE32 1
| #define HAVE_DECL_HTOBE64 1
| #define HAVE_DECL_BSWAP_16 1
| #define HAVE_DECL_BSWAP_32 1
| #define HAVE_DECL_BSWAP_64 1
| #define HAVE_MSG_NOSIGNAL 1
| #define HAVE_VISIBILITY_ATTRIBUTE 1
| /* end confdefs.h.  */
| 
|       #include <bdb48/db_cxx.h>
| 
| int
| main ()
| {
| 
|       #if !((DB_VERSION_MAJOR == 4 && DB_VERSION_MINOR >= 8) || DB_VERSION_MAJOR > 4)
|         #error "failed to find bdb 4.8+"
|       #endif
| 
|   ;
|   return 0;
| }
configure:21197: g++ -c -g -O2 -Wall -Wextra -Wformat -Wformat-security -Wno-unused-parameter -Wno-self-assign  -DHAVE_BUILD_INFO -D__STDC_FORMAT_MACROS conftest.cpp >&5
conftest.cpp:58:34: fatal error: libdb48/db_cxx.h: No such file or directory
       #include <libdb48/db_cxx.h>
                                  ^
compilation terminated.
configure:21197: $? = 1
configure: failed program was:
| /* confdefs.h */
| #define PACKAGE_NAME "VCoin Core"
| #define PACKAGE_TARNAME "vcoin"
| #define PACKAGE_VERSION "0.12.1"
| #define PACKAGE_STRING "VCoin Core 0.12.1"
| #define PACKAGE_BUGREPORT "https://github.com/vcoin/vcoin/issues"
| #define PACKAGE_URL ""
| #define STDC_HEADERS 1
| #define HAVE_SYS_TYPES_H 1
| #define HAVE_SYS_STAT_H 1
| #define HAVE_STDLIB_H 1
| #define HAVE_STRING_H 1
| #define HAVE_MEMORY_H 1
| #define HAVE_STRINGS_H 1
| #define HAVE_INTTYPES_H 1
| #define HAVE_STDINT_H 1
| #define HAVE_UNISTD_H 1
| #define HAVE_DLFCN_H 1
| #define LT_OBJDIR ".libs/"
| #define HAVE_PTHREAD_PRIO_INHERIT 1
| #define HAVE_PTHREAD 1
| #define HAVE_DECL_STRERROR_R 1
| #define HAVE_STRERROR_R 1
| #define STRERROR_R_CHAR_P 1
| #define HAVE_FUNC_ATTRIBUTE_VISIBILITY 1
| #define HAVE_ENDIAN_H 1
| #define HAVE_BYTESWAP_H 1
| #define HAVE_STDIO_H 1
| #define HAVE_STDLIB_H 1
| #define HAVE_UNISTD_H 1
| #define HAVE_STRINGS_H 1
| #define HAVE_SYS_TYPES_H 1
| #define HAVE_SYS_STAT_H 1
| #define HAVE_SYS_SELECT_H 1
| #define HAVE_SYS_PRCTL_H 1
| #define HAVE_GETADDRINFO_A 1
| #define HAVE_INET_PTON 1
| #define HAVE_DECL_STRNLEN 1
| #define HAVE_DECL_LE16TOH 1
| #define HAVE_DECL_LE32TOH 1
| #define HAVE_DECL_LE64TOH 1
| #define HAVE_DECL_HTOLE16 1
| #define HAVE_DECL_HTOLE32 1
| #define HAVE_DECL_HTOLE64 1
| #define HAVE_DECL_BE16TOH 1
| #define HAVE_DECL_BE32TOH 1
| #define HAVE_DECL_BE64TOH 1
| #define HAVE_DECL_HTOBE16 1
| #define HAVE_DECL_HTOBE32 1
| #define HAVE_DECL_HTOBE64 1
| #define HAVE_DECL_BSWAP_16 1
| #define HAVE_DECL_BSWAP_32 1
| #define HAVE_DECL_BSWAP_64 1
| #define HAVE_MSG_NOSIGNAL 1
| #define HAVE_VISIBILITY_ATTRIBUTE 1
| /* end confdefs.h.  */
| 
|       #include <libdb48/db_cxx.h>
| 
| int
| main ()
| {
| 
|       #if !((DB_VERSION_MAJOR == 4 && DB_VERSION_MINOR >= 8) || DB_VERSION_MAJOR > 4)
|         #error "failed to find bdb 4.8+"
|       #endif
| 
|   ;
|   return 0;
| }
configure:21197: g++ -c -g -O2 -Wall -Wextra -Wformat -Wformat-security -Wno-unused-parameter -Wno-self-assign  -DHAVE_BUILD_INFO -D__STDC_FORMAT_MACROS conftest.cpp >&5
conftest.cpp:58:31: fatal error: db48/db_cxx.h: No such file or directory
       #include <db48/db_cxx.h>
                               ^
compilation terminated.
configure:21197: $? = 1
configure: failed program was:
| /* confdefs.h */
| #define PACKAGE_NAME "VCoin Core"
| #define PACKAGE_TARNAME "vcoin"
| #define PACKAGE_VERSION "0.12.1"
| #define PACKAGE_STRING "VCoin Core 0.12.1"
| #define PACKAGE_BUGREPORT "https://github.com/vcoin/vcoin/issues"
| #define PACKAGE_URL ""
| #define STDC_HEADERS 1
| #define HAVE_SYS_TYPES_H 1
| #define HAVE_SYS_STAT_H 1
| #define HAVE_STDLIB_H 1
| #define HAVE_STRING_H 1
| #define HAVE_MEMORY_H 1
| #define HAVE_STRINGS_H 1
| #define HAVE_INTTYPES_H 1
| #define HAVE_STDINT_H 1
| #define HAVE_UNISTD_H 1
| #define HAVE_DLFCN_H 1
| #define LT_OBJDIR ".libs/"
| #define HAVE_PTHREAD_PRIO_INHERIT 1
| #define HAVE_PTHREAD 1
| #define HAVE_DECL_STRERROR_R 1
| #define HAVE_STRERROR_R 1
| #define STRERROR_R_CHAR_P 1
| #define HAVE_FUNC_ATTRIBUTE_VISIBILITY 1
| #define HAVE_ENDIAN_H 1
| #define HAVE_BYTESWAP_H 1
| #define HAVE_STDIO_H 1
| #define HAVE_STDLIB_H 1
| #define HAVE_UNISTD_H 1
| #define HAVE_STRINGS_H 1
| #define HAVE_SYS_TYPES_H 1
| #define HAVE_SYS_STAT_H 1
| #define HAVE_SYS_SELECT_H 1
| #define HAVE_SYS_PRCTL_H 1
| #define HAVE_GETADDRINFO_A 1
| #define HAVE_INET_PTON 1
| #define HAVE_DECL_STRNLEN 1
| #define HAVE_DECL_LE16TOH 1
| #define HAVE_DECL_LE32TOH 1
| #define HAVE_DECL_LE64TOH 1
| #define HAVE_DECL_HTOLE16 1
| #define HAVE_DECL_HTOLE32 1
| #define HAVE_DECL_HTOLE64 1
| #define HAVE_DECL_BE16TOH 1
| #define HAVE_DECL_BE32TOH 1
| #define HAVE_DECL_BE64TOH 1
| #define HAVE_DECL_HTOBE16 1
| #define HAVE_DECL_HTOBE32 1
| #define HAVE_DECL_HTOBE64 1
| #define HAVE_DECL_BSWAP_16 1
| #define HAVE_DECL_BSWAP_32 1
| #define HAVE_DECL_BSWAP_64 1
| #define HAVE_MSG_NOSIGNAL 1
| #define HAVE_VISIBILITY_ATTRIBUTE 1
| /* end confdefs.h.  */
| 
|       #include <db48/db_cxx.h>
| 
| int
| main ()
| {
| 
|       #if !((DB_VERSION_MAJOR == 4 && DB_VERSION_MINOR >= 8) || DB_VERSION_MAJOR > 4)
|         #error "failed to find bdb 4.8+"
|       #endif
| 
|   ;
|   return 0;
| }
configure:21197: g++ -c -g -O2 -Wall -Wextra -Wformat -Wformat-security -Wno-unused-parameter -Wno-self-assign  -DHAVE_BUILD_INFO -D__STDC_FORMAT_MACROS conftest.cpp >&5
conftest.cpp:58:31: fatal error: bdb4/db_cxx.h: No such file or directory
       #include <bdb4/db_cxx.h>
                               ^
compilation terminated.
configure:21197: $? = 1
configure: failed program was:
| /* confdefs.h */
| #define PACKAGE_NAME "VCoin Core"
| #define PACKAGE_TARNAME "vcoin"
| #define PACKAGE_VERSION "0.12.1"
| #define PACKAGE_STRING "VCoin Core 0.12.1"
| #define PACKAGE_BUGREPORT "https://github.com/vcoin/vcoin/issues"
| #define PACKAGE_URL ""
| #define STDC_HEADERS 1
| #define HAVE_SYS_TYPES_H 1
| #define HAVE_SYS_STAT_H 1
| #define HAVE_STDLIB_H 1
| #define HAVE_STRING_H 1
| #define HAVE_MEMORY_H 1
| #define HAVE_STRINGS_H 1
| #define HAVE_INTTYPES_H 1
| #define HAVE_STDINT_H 1
| #define HAVE_UNISTD_H 1
| #define HAVE_DLFCN_H 1
| #define LT_OBJDIR ".libs/"
| #define HAVE_PTHREAD_PRIO_INHERIT 1
| #define HAVE_PTHREAD 1
| #define HAVE_DECL_STRERROR_R 1
| #define HAVE_STRERROR_R 1
| #define STRERROR_R_CHAR_P 1
| #define HAVE_FUNC_ATTRIBUTE_VISIBILITY 1
| #define HAVE_ENDIAN_H 1
| #define HAVE_BYTESWAP_H 1
| #define HAVE_STDIO_H 1
| #define HAVE_STDLIB_H 1
| #define HAVE_UNISTD_H 1
| #define HAVE_STRINGS_H 1
| #define HAVE_SYS_TYPES_H 1
| #define HAVE_SYS_STAT_H 1
| #define HAVE_SYS_SELECT_H 1
| #define HAVE_SYS_PRCTL_H 1
| #define HAVE_GETADDRINFO_A 1
| #define HAVE_INET_PTON 1
| #define HAVE_DECL_STRNLEN 1
| #define HAVE_DECL_LE16TOH 1
| #define HAVE_DECL_LE32TOH 1
| #define HAVE_DECL_LE64TOH 1
| #define HAVE_DECL_HTOLE16 1
| #define HAVE_DECL_HTOLE32 1
| #define HAVE_DECL_HTOLE64 1
| #define HAVE_DECL_BE16TOH 1
| #define HAVE_DECL_BE32TOH 1
| #define HAVE_DECL_BE64TOH 1
| #define HAVE_DECL_HTOBE16 1
| #define HAVE_DECL_HTOBE32 1
| #define HAVE_DECL_HTOBE64 1
| #define HAVE_DECL_BSWAP_16 1
| #define HAVE_DECL_BSWAP_32 1
| #define HAVE_DECL_BSWAP_64 1
| #define HAVE_MSG_NOSIGNAL 1
| #define HAVE_VISIBILITY_ATTRIBUTE 1
| /* end confdefs.h.  */
| 
|       #include <bdb4/db_cxx.h>
| 
| int
| main ()
| {
| 
|       #if !((DB_VERSION_MAJOR == 4 && DB_VERSION_MINOR >= 8) || DB_VERSION_MAJOR > 4)
|         #error "failed to find bdb 4.8+"
|       #endif
| 
|   ;
|   return 0;
| }
configure:21197: g++ -c -g -O2 -Wall -Wextra -Wformat -Wformat-security -Wno-unused-parameter -Wno-self-assign  -DHAVE_BUILD_INFO -D__STDC_FORMAT_MACROS conftest.cpp >&5
conftest.cpp:58:33: fatal error: libdb4/db_cxx.h: No such file or directory
       #include <libdb4/db_cxx.h>
                                 ^
compilation terminated.
configure:21197: $? = 1
configure: failed program was:
| /* confdefs.h */
| #define PACKAGE_NAME "VCoin Core"
| #define PACKAGE_TARNAME "vcoin"
| #define PACKAGE_VERSION "0.12.1"
| #define PACKAGE_STRING "VCoin Core 0.12.1"
| #define PACKAGE_BUGREPORT "https://github.com/vcoin/vcoin/issues"
| #define PACKAGE_URL ""
| #define STDC_HEADERS 1
| #define HAVE_SYS_TYPES_H 1
| #define HAVE_SYS_STAT_H 1
| #define HAVE_STDLIB_H 1
| #define HAVE_STRING_H 1
| #define HAVE_MEMORY_H 1
| #define HAVE_STRINGS_H 1
| #define HAVE_INTTYPES_H 1
| #define HAVE_STDINT_H 1
| #define HAVE_UNISTD_H 1
| #define HAVE_DLFCN_H 1
| #define LT_OBJDIR ".libs/"
| #define HAVE_PTHREAD_PRIO_INHERIT 1
| #define HAVE_PTHREAD 1
| #define HAVE_DECL_STRERROR_R 1
| #define HAVE_STRERROR_R 1
| #define STRERROR_R_CHAR_P 1
| #define HAVE_FUNC_ATTRIBUTE_VISIBILITY 1
| #define HAVE_ENDIAN_H 1
| #define HAVE_BYTESWAP_H 1
| #define HAVE_STDIO_H 1
| #define HAVE_STDLIB_H 1
| #define HAVE_UNISTD_H 1
| #define HAVE_STRINGS_H 1
| #define HAVE_SYS_TYPES_H 1
| #define HAVE_SYS_STAT_H 1
| #define HAVE_SYS_SELECT_H 1
| #define HAVE_SYS_PRCTL_H 1
| #define HAVE_GETADDRINFO_A 1
| #define HAVE_INET_PTON 1
| #define HAVE_DECL_STRNLEN 1
| #define HAVE_DECL_LE16TOH 1
| #define HAVE_DECL_LE32TOH 1
| #define HAVE_DECL_LE64TOH 1
| #define HAVE_DECL_HTOLE16 1
| #define HAVE_DECL_HTOLE32 1
| #define HAVE_DECL_HTOLE64 1
| #define HAVE_DECL_BE16TOH 1
| #define HAVE_DECL_BE32TOH 1
| #define HAVE_DECL_BE64TOH 1
| #define HAVE_DECL_HTOBE16 1
| #define HAVE_DECL_HTOBE32 1
| #define HAVE_DECL_HTOBE64 1
| #define HAVE_DECL_BSWAP_16 1
| #define HAVE_DECL_BSWAP_32 1
| #define HAVE_DECL_BSWAP_64 1
| #define HAVE_MSG_NOSIGNAL 1
| #define HAVE_VISIBILITY_ATTRIBUTE 1
| /* end confdefs.h.  */
| 
|       #include <libdb4/db_cxx.h>
| 
| int
| main ()
| {
| 
|       #if !((DB_VERSION_MAJOR == 4 && DB_VERSION_MINOR >= 8) || DB_VERSION_MAJOR > 4)
|         #error "failed to find bdb 4.8+"
|       #endif
| 
|   ;
|   return 0;
| }
configure:21197: g++ -c -g -O2 -Wall -Wextra -Wformat -Wformat-security -Wno-unused-parameter -Wno-self-assign  -DHAVE_BUILD_INFO -D__STDC_FORMAT_MACROS conftest.cpp >&5
conftest.cpp:58:30: fatal error: db4/db_cxx.h: No such file or directory
       #include <db4/db_cxx.h>
                              ^
compilation terminated.
configure:21197: $? = 1
configure: failed program was:
| /* confdefs.h */
| #define PACKAGE_NAME "VCoin Core"
| #define PACKAGE_TARNAME "vcoin"
| #define PACKAGE_VERSION "0.12.1"
| #define PACKAGE_STRING "VCoin Core 0.12.1"
| #define PACKAGE_BUGREPORT "https://github.com/vcoin/vcoin/issues"
| #define PACKAGE_URL ""
| #define STDC_HEADERS 1
| #define HAVE_SYS_TYPES_H 1
| #define HAVE_SYS_STAT_H 1
| #define HAVE_STDLIB_H 1
| #define HAVE_STRING_H 1
| #define HAVE_MEMORY_H 1
| #define HAVE_STRINGS_H 1
| #define HAVE_INTTYPES_H 1
| #define HAVE_STDINT_H 1
| #define HAVE_UNISTD_H 1
| #define HAVE_DLFCN_H 1
| #define LT_OBJDIR ".libs/"
| #define HAVE_PTHREAD_PRIO_INHERIT 1
| #define HAVE_PTHREAD 1
| #define HAVE_DECL_STRERROR_R 1
| #define HAVE_STRERROR_R 1
| #define STRERROR_R_CHAR_P 1
| #define HAVE_FUNC_ATTRIBUTE_VISIBILITY 1
| #define HAVE_ENDIAN_H 1
| #define HAVE_BYTESWAP_H 1
| #define HAVE_STDIO_H 1
| #define HAVE_STDLIB_H 1
| #define HAVE_UNISTD_H 1
| #define HAVE_STRINGS_H 1
| #define HAVE_SYS_TYPES_H 1
| #define HAVE_SYS_STAT_H 1
| #define HAVE_SYS_SELECT_H 1
| #define HAVE_SYS_PRCTL_H 1
| #define HAVE_GETADDRINFO_A 1
| #define HAVE_INET_PTON 1
| #define HAVE_DECL_STRNLEN 1
| #define HAVE_DECL_LE16TOH 1
| #define HAVE_DECL_LE32TOH 1
| #define HAVE_DECL_LE64TOH 1
| #define HAVE_DECL_HTOLE16 1
| #define HAVE_DECL_HTOLE32 1
| #define HAVE_DECL_HTOLE64 1
| #define HAVE_DECL_BE16TOH 1
| #define HAVE_DECL_BE32TOH 1
| #define HAVE_DECL_BE64TOH 1
| #define HAVE_DECL_HTOBE16 1
| #define HAVE_DECL_HTOBE32 1
| #define HAVE_DECL_HTOBE64 1
| #define HAVE_DECL_BSWAP_16 1
| #define HAVE_DECL_BSWAP_32 1
| #define HAVE_DECL_BSWAP_64 1
| #define HAVE_MSG_NOSIGNAL 1
| #define HAVE_VISIBILITY_ATTRIBUTE 1
| /* end confdefs.h.  */
| 
|       #include <db4/db_cxx.h>
| 
| int
| main ()
| {
| 
|       #if !((DB_VERSION_MAJOR == 4 && DB_VERSION_MINOR >= 8) || DB_VERSION_MAJOR > 4)
|         #error "failed to find bdb 4.8+"
|       #endif
| 
|   ;
|   return 0;
| }
configure:21197: g++ -c -g -O2 -Wall -Wextra -Wformat -Wformat-security -Wno-unused-parameter -Wno-self-assign  -DHAVE_BUILD_INFO -D__STDC_FORMAT_MACROS conftest.cpp >&5
conftest.cpp:58:31: fatal error: bdb5/db_cxx.h: No such file or directory
       #include <bdb5/db_cxx.h>
                               ^
compilation terminated.
configure:21197: $? = 1
configure: failed program was:
| /* confdefs.h */
| #define PACKAGE_NAME "VCoin Core"
| #define PACKAGE_TARNAME "vcoin"
| #define PACKAGE_VERSION "0.12.1"
| #define PACKAGE_STRING "VCoin Core 0.12.1"
| #define PACKAGE_BUGREPORT "https://github.com/vcoin/vcoin/issues"
| #define PACKAGE_URL ""
| #define STDC_HEADERS 1
| #define HAVE_SYS_TYPES_H 1
| #define HAVE_SYS_STAT_H 1
| #define HAVE_STDLIB_H 1
| #define HAVE_STRING_H 1
| #define HAVE_MEMORY_H 1
| #define HAVE_STRINGS_H 1
| #define HAVE_INTTYPES_H 1
| #define HAVE_STDINT_H 1
| #define HAVE_UNISTD_H 1
| #define HAVE_DLFCN_H 1
| #define LT_OBJDIR ".libs/"
| #define HAVE_PTHREAD_PRIO_INHERIT 1
| #define HAVE_PTHREAD 1
| #define HAVE_DECL_STRERROR_R 1
| #define HAVE_STRERROR_R 1
| #define STRERROR_R_CHAR_P 1
| #define HAVE_FUNC_ATTRIBUTE_VISIBILITY 1
| #define HAVE_ENDIAN_H 1
| #define HAVE_BYTESWAP_H 1
| #define HAVE_STDIO_H 1
| #define HAVE_STDLIB_H 1
| #define HAVE_UNISTD_H 1
| #define HAVE_STRINGS_H 1
| #define HAVE_SYS_TYPES_H 1
| #define HAVE_SYS_STAT_H 1
| #define HAVE_SYS_SELECT_H 1
| #define HAVE_SYS_PRCTL_H 1
| #define HAVE_GETADDRINFO_A 1
| #define HAVE_INET_PTON 1
| #define HAVE_DECL_STRNLEN 1
| #define HAVE_DECL_LE16TOH 1
| #define HAVE_DECL_LE32TOH 1
| #define HAVE_DECL_LE64TOH 1
| #define HAVE_DECL_HTOLE16 1
| #define HAVE_DECL_HTOLE32 1
| #define HAVE_DECL_HTOLE64 1
| #define HAVE_DECL_BE16TOH 1
| #define HAVE_DECL_BE32TOH 1
| #define HAVE_DECL_BE64TOH 1
| #define HAVE_DECL_HTOBE16 1
| #define HAVE_DECL_HTOBE32 1
| #define HAVE_DECL_HTOBE64 1
| #define HAVE_DECL_BSWAP_16 1
| #define HAVE_DECL_BSWAP_32 1
| #define HAVE_DECL_BSWAP_64 1
| #define HAVE_MSG_NOSIGNAL 1
| #define HAVE_VISIBILITY_ATTRIBUTE 1
| /* end confdefs.h.  */
| 
|       #include <bdb5/db_cxx.h>
| 
| int
| main ()
| {
| 
|       #if !((DB_VERSION_MAJOR == 4 && DB_VERSION_MINOR >= 8) || DB_VERSION_MAJOR > 4)
|         #error "failed to find bdb 4.8+"
|       #endif
| 
|   ;
|   return 0;
| }
configure:21197: g++ -c -g -O2 -Wall -Wextra -Wformat -Wformat-security -Wno-unused-parameter -Wno-self-assign  -DHAVE_BUILD_INFO -D__STDC_FORMAT_MACROS conftest.cpp >&5
conftest.cpp:58:33: fatal error: libdb5/db_cxx.h: No such file or directory
       #include <libdb5/db_cxx.h>
                                 ^
compilation terminated.
configure:21197: $? = 1
configure: failed program was:
| /* confdefs.h */
| #define PACKAGE_NAME "VCoin Core"
| #define PACKAGE_TARNAME "vcoin"
| #define PACKAGE_VERSION "0.12.1"
| #define PACKAGE_STRING "VCoin Core 0.12.1"
| #define PACKAGE_BUGREPORT "https://github.com/vcoin/vcoin/issues"
| #define PACKAGE_URL ""
| #define STDC_HEADERS 1
| #define HAVE_SYS_TYPES_H 1
| #define HAVE_SYS_STAT_H 1
| #define HAVE_STDLIB_H 1
| #define HAVE_STRING_H 1
| #define HAVE_MEMORY_H 1
| #define HAVE_STRINGS_H 1
| #define HAVE_INTTYPES_H 1
| #define HAVE_STDINT_H 1
| #define HAVE_UNISTD_H 1
| #define HAVE_DLFCN_H 1
| #define LT_OBJDIR ".libs/"
| #define HAVE_PTHREAD_PRIO_INHERIT 1
| #define HAVE_PTHREAD 1
| #define HAVE_DECL_STRERROR_R 1
| #define HAVE_STRERROR_R 1
| #define STRERROR_R_CHAR_P 1
| #define HAVE_FUNC_ATTRIBUTE_VISIBILITY 1
| #define HAVE_ENDIAN_H 1
| #define HAVE_BYTESWAP_H 1
| #define HAVE_STDIO_H 1
| #define HAVE_STDLIB_H 1
| #define HAVE_UNISTD_H 1
| #define HAVE_STRINGS_H 1
| #define HAVE_SYS_TYPES_H 1
| #define HAVE_SYS_STAT_H 1
| #define HAVE_SYS_SELECT_H 1
| #define HAVE_SYS_PRCTL_H 1
| #define HAVE_GETADDRINFO_A 1
| #define HAVE_INET_PTON 1
| #define HAVE_DECL_STRNLEN 1
| #define HAVE_DECL_LE16TOH 1
| #define HAVE_DECL_LE32TOH 1
| #define HAVE_DECL_LE64TOH 1
| #define HAVE_DECL_HTOLE16 1
| #define HAVE_DECL_HTOLE32 1
| #define HAVE_DECL_HTOLE64 1
| #define HAVE_DECL_BE16TOH 1
| #define HAVE_DECL_BE32TOH 1
| #define HAVE_DECL_BE64TOH 1
| #define HAVE_DECL_HTOBE16 1
| #define HAVE_DECL_HTOBE32 1
| #define HAVE_DECL_HTOBE64 1
| #define HAVE_DECL_BSWAP_16 1
| #define HAVE_DECL_BSWAP_32 1
| #define HAVE_DECL_BSWAP_64 1
| #define HAVE_MSG_NOSIGNAL 1
| #define HAVE_VISIBILITY_ATTRIBUTE 1
| /* end confdefs.h.  */
| 
|       #include <libdb5/db_cxx.h>
| 
| int
| main ()
| {
| 
|       #if !((DB_VERSION_MAJOR == 4 && DB_VERSION_MINOR >= 8) || DB_VERSION_MAJOR > 4)
|         #error "failed to find bdb 4.8+"
|       #endif
| 
|   ;
|   return 0;
| }
configure:21197: g++ -c -g -O2 -Wall -Wextra -Wformat -Wformat-security -Wno-unused-parameter -Wno-self-assign  -DHAVE_BUILD_INFO -D__STDC_FORMAT_MACROS conftest.cpp >&5
conftest.cpp:58:30: fatal error: db5/db_cxx.h: No such file or directory
       #include <db5/db_cxx.h>
                              ^
compilation terminated.
configure:21197: $? = 1
configure: failed program was:
| /* confdefs.h */
| #define PACKAGE_NAME "VCoin Core"
| #define PACKAGE_TARNAME "vcoin"
| #define PACKAGE_VERSION "0.12.1"
| #define PACKAGE_STRING "VCoin Core 0.12.1"
| #define PACKAGE_BUGREPORT "https://github.com/vcoin/vcoin/issues"
| #define PACKAGE_URL ""
| #define STDC_HEADERS 1
| #define HAVE_SYS_TYPES_H 1
| #define HAVE_SYS_STAT_H 1
| #define HAVE_STDLIB_H 1
| #define HAVE_STRING_H 1
| #define HAVE_MEMORY_H 1
| #define HAVE_STRINGS_H 1
| #define HAVE_INTTYPES_H 1
| #define HAVE_STDINT_H 1
| #define HAVE_UNISTD_H 1
| #define HAVE_DLFCN_H 1
| #define LT_OBJDIR ".libs/"
| #define HAVE_PTHREAD_PRIO_INHERIT 1
| #define HAVE_PTHREAD 1
| #define HAVE_DECL_STRERROR_R 1
| #define HAVE_STRERROR_R 1
| #define STRERROR_R_CHAR_P 1
| #define HAVE_FUNC_ATTRIBUTE_VISIBILITY 1
| #define HAVE_ENDIAN_H 1
| #define HAVE_BYTESWAP_H 1
| #define HAVE_STDIO_H 1
| #define HAVE_STDLIB_H 1
| #define HAVE_UNISTD_H 1
| #define HAVE_STRINGS_H 1
| #define HAVE_SYS_TYPES_H 1
| #define HAVE_SYS_STAT_H 1
| #define HAVE_SYS_SELECT_H 1
| #define HAVE_SYS_PRCTL_H 1
| #define HAVE_GETADDRINFO_A 1
| #define HAVE_INET_PTON 1
| #define HAVE_DECL_STRNLEN 1
| #define HAVE_DECL_LE16TOH 1
| #define HAVE_DECL_LE32TOH 1
| #define HAVE_DECL_LE64TOH 1
| #define HAVE_DECL_HTOLE16 1
| #define HAVE_DECL_HTOLE32 1
| #define HAVE_DECL_HTOLE64 1
| #define HAVE_DECL_BE16TOH 1
| #define HAVE_DECL_BE32TOH 1
| #define HAVE_DECL_BE64TOH 1
| #define HAVE_DECL_HTOBE16 1
| #define HAVE_DECL_HTOBE32 1
| #define HAVE_DECL_HTOBE64 1
| #define HAVE_DECL_BSWAP_16 1
| #define HAVE_DECL_BSWAP_32 1
| #define HAVE_DECL_BSWAP_64 1
| #define HAVE_MSG_NOSIGNAL 1
| #define HAVE_VISIBILITY_ATTRIBUTE 1
| /* end confdefs.h.  */
| 
|       #include <db5/db_cxx.h>
| 
| int
| main ()
| {
| 
|       #if !((DB_VERSION_MAJOR == 4 && DB_VERSION_MINOR >= 8) || DB_VERSION_MAJOR > 4)
|         #error "failed to find bdb 4.8+"
|       #endif
| 
|   ;
|   return 0;
| }
configure:21197: g++ -c -g -O2 -Wall -Wextra -Wformat -Wformat-security -Wno-unused-parameter -Wno-self-assign  -DHAVE_BUILD_INFO -D__STDC_FORMAT_MACROS conftest.cpp >&5
conftest.cpp:58:30: fatal error: bdb/db_cxx.h: No such file or directory
       #include <bdb/db_cxx.h>
                              ^
compilation terminated.
configure:21197: $? = 1
configure: failed program was:
| /* confdefs.h */
| #define PACKAGE_NAME "VCoin Core"
| #define PACKAGE_TARNAME "vcoin"
| #define PACKAGE_VERSION "0.12.1"
| #define PACKAGE_STRING "VCoin Core 0.12.1"
| #define PACKAGE_BUGREPORT "https://github.com/vcoin/vcoin/issues"
| #define PACKAGE_URL ""
| #define STDC_HEADERS 1
| #define HAVE_SYS_TYPES_H 1
| #define HAVE_SYS_STAT_H 1
| #define HAVE_STDLIB_H 1
| #define HAVE_STRING_H 1
| #define HAVE_MEMORY_H 1
| #define HAVE_STRINGS_H 1
| #define HAVE_INTTYPES_H 1
| #define HAVE_STDINT_H 1
| #define HAVE_UNISTD_H 1
| #define HAVE_DLFCN_H 1
| #define LT_OBJDIR ".libs/"
| #define HAVE_PTHREAD_PRIO_INHERIT 1
| #define HAVE_PTHREAD 1
| #define HAVE_DECL_STRERROR_R 1
| #define HAVE_STRERROR_R 1
| #define STRERROR_R_CHAR_P 1
| #define HAVE_FUNC_ATTRIBUTE_VISIBILITY 1
| #define HAVE_ENDIAN_H 1
| #define HAVE_BYTESWAP_H 1
| #define HAVE_STDIO_H 1
| #define HAVE_STDLIB_H 1
| #define HAVE_UNISTD_H 1
| #define HAVE_STRINGS_H 1
| #define HAVE_SYS_TYPES_H 1
| #define HAVE_SYS_STAT_H 1
| #define HAVE_SYS_SELECT_H 1
| #define HAVE_SYS_PRCTL_H 1
| #define HAVE_GETADDRINFO_A 1
| #define HAVE_INET_PTON 1
| #define HAVE_DECL_STRNLEN 1
| #define HAVE_DECL_LE16TOH 1
| #define HAVE_DECL_LE32TOH 1
| #define HAVE_DECL_LE64TOH 1
| #define HAVE_DECL_HTOLE16 1
| #define HAVE_DECL_HTOLE32 1
| #define HAVE_DECL_HTOLE64 1
| #define HAVE_DECL_BE16TOH 1
| #define HAVE_DECL_BE32TOH 1
| #define HAVE_DECL_BE64TOH 1
| #define HAVE_DECL_HTOBE16 1
| #define HAVE_DECL_HTOBE32 1
| #define HAVE_DECL_HTOBE64 1
| #define HAVE_DECL_BSWAP_16 1
| #define HAVE_DECL_BSWAP_32 1
| #define HAVE_DECL_BSWAP_64 1
| #define HAVE_MSG_NOSIGNAL 1
| #define HAVE_VISIBILITY_ATTRIBUTE 1
| /* end confdefs.h.  */
| 
|       #include <bdb/db_cxx.h>
| 
| int
| main ()
| {
| 
|       #if !((DB_VERSION_MAJOR == 4 && DB_VERSION_MINOR >= 8) || DB_VERSION_MAJOR > 4)
|         #error "failed to find bdb 4.8+"
|       #endif
| 
|   ;
|   return 0;
| }
configure:21197: g++ -c -g -O2 -Wall -Wextra -Wformat -Wformat-security -Wno-unused-parameter -Wno-self-assign  -DHAVE_BUILD_INFO -D__STDC_FORMAT_MACROS conftest.cpp >&5
conftest.cpp:58:32: fatal error: libdb/db_cxx.h: No such file or directory
       #include <libdb/db_cxx.h>
                                ^
compilation terminated.
configure:21197: $? = 1
configure: failed program was:
| /* confdefs.h */
| #define PACKAGE_NAME "VCoin Core"
| #define PACKAGE_TARNAME "vcoin"
| #define PACKAGE_VERSION "0.12.1"
| #define PACKAGE_STRING "VCoin Core 0.12.1"
| #define PACKAGE_BUGREPORT "https://github.com/vcoin/vcoin/issues"
| #define PACKAGE_URL ""
| #define STDC_HEADERS 1
| #define HAVE_SYS_TYPES_H 1
| #define HAVE_SYS_STAT_H 1
| #define HAVE_STDLIB_H 1
| #define HAVE_STRING_H 1
| #define HAVE_MEMORY_H 1
| #define HAVE_STRINGS_H 1
| #define HAVE_INTTYPES_H 1
| #define HAVE_STDINT_H 1
| #define HAVE_UNISTD_H 1
| #define HAVE_DLFCN_H 1
| #define LT_OBJDIR ".libs/"
| #define HAVE_PTHREAD_PRIO_INHERIT 1
| #define HAVE_PTHREAD 1
| #define HAVE_DECL_STRERROR_R 1
| #define HAVE_STRERROR_R 1
| #define STRERROR_R_CHAR_P 1
| #define HAVE_FUNC_ATTRIBUTE_VISIBILITY 1
| #define HAVE_ENDIAN_H 1
| #define HAVE_BYTESWAP_H 1
| #define HAVE_STDIO_H 1
| #define HAVE_STDLIB_H 1
| #define HAVE_UNISTD_H 1
| #define HAVE_STRINGS_H 1
| #define HAVE_SYS_TYPES_H 1
| #define HAVE_SYS_STAT_H 1
| #define HAVE_SYS_SELECT_H 1
| #define HAVE_SYS_PRCTL_H 1
| #define HAVE_GETADDRINFO_A 1
| #define HAVE_INET_PTON 1
| #define HAVE_DECL_STRNLEN 1
| #define HAVE_DECL_LE16TOH 1
| #define HAVE_DECL_LE32TOH 1
| #define HAVE_DECL_LE64TOH 1
| #define HAVE_DECL_HTOLE16 1
| #define HAVE_DECL_HTOLE32 1
| #define HAVE_DECL_HTOLE64 1
| #define HAVE_DECL_BE16TOH 1
| #define HAVE_DECL_BE32TOH 1
| #define HAVE_DECL_BE64TOH 1
| #define HAVE_DECL_HTOBE16 1
| #define HAVE_DECL_HTOBE32 1
| #define HAVE_DECL_HTOBE64 1
| #define HAVE_DECL_BSWAP_16 1
| #define HAVE_DECL_BSWAP_32 1
| #define HAVE_DECL_BSWAP_64 1
| #define HAVE_MSG_NOSIGNAL 1
| #define HAVE_VISIBILITY_ATTRIBUTE 1
| /* end confdefs.h.  */
| 
|       #include <libdb/db_cxx.h>
| 
| int
| main ()
| {
| 
|       #if !((DB_VERSION_MAJOR == 4 && DB_VERSION_MINOR >= 8) || DB_VERSION_MAJOR > 4)
|         #error "failed to find bdb 4.8+"
|       #endif
| 
|   ;
|   return 0;
| }
configure:21197: g++ -c -g -O2 -Wall -Wextra -Wformat -Wformat-security -Wno-unused-parameter -Wno-self-assign  -DHAVE_BUILD_INFO -D__STDC_FORMAT_MACROS conftest.cpp >&5
conftest.cpp:58:29: fatal error: db/db_cxx.h: No such file or directory
       #include <db/db_cxx.h>
                             ^
compilation terminated.
configure:21197: $? = 1
configure: failed program was:
| /* confdefs.h */
| #define PACKAGE_NAME "VCoin Core"
| #define PACKAGE_TARNAME "vcoin"
| #define PACKAGE_VERSION "0.12.1"
| #define PACKAGE_STRING "VCoin Core 0.12.1"
| #define PACKAGE_BUGREPORT "https://github.com/vcoin/vcoin/issues"
| #define PACKAGE_URL ""
| #define STDC_HEADERS 1
| #define HAVE_SYS_TYPES_H 1
| #define HAVE_SYS_STAT_H 1
| #define HAVE_STDLIB_H 1
| #define HAVE_STRING_H 1
| #define HAVE_MEMORY_H 1
| #define HAVE_STRINGS_H 1
| #define HAVE_INTTYPES_H 1
| #define HAVE_STDINT_H 1
| #define HAVE_UNISTD_H 1
| #define HAVE_DLFCN_H 1
| #define LT_OBJDIR ".libs/"
| #define HAVE_PTHREAD_PRIO_INHERIT 1
| #define HAVE_PTHREAD 1
| #define HAVE_DECL_STRERROR_R 1
| #define HAVE_STRERROR_R 1
| #define STRERROR_R_CHAR_P 1
| #define HAVE_FUNC_ATTRIBUTE_VISIBILITY 1
| #define HAVE_ENDIAN_H 1
| #define HAVE_BYTESWAP_H 1
| #define HAVE_STDIO_H 1
| #define HAVE_STDLIB_H 1
| #define HAVE_UNISTD_H 1
| #define HAVE_STRINGS_H 1
| #define HAVE_SYS_TYPES_H 1
| #define HAVE_SYS_STAT_H 1
| #define HAVE_SYS_SELECT_H 1
| #define HAVE_SYS_PRCTL_H 1
| #define HAVE_GETADDRINFO_A 1
| #define HAVE_INET_PTON 1
| #define HAVE_DECL_STRNLEN 1
| #define HAVE_DECL_LE16TOH 1
| #define HAVE_DECL_LE32TOH 1
| #define HAVE_DECL_LE64TOH 1
| #define HAVE_DECL_HTOLE16 1
| #define HAVE_DECL_HTOLE32 1
| #define HAVE_DECL_HTOLE64 1
| #define HAVE_DECL_BE16TOH 1
| #define HAVE_DECL_BE32TOH 1
| #define HAVE_DECL_BE64TOH 1
| #define HAVE_DECL_HTOBE16 1
| #define HAVE_DECL_HTOBE32 1
| #define HAVE_DECL_HTOBE64 1
| #define HAVE_DECL_BSWAP_16 1
| #define HAVE_DECL_BSWAP_32 1
| #define HAVE_DECL_BSWAP_64 1
| #define HAVE_MSG_NOSIGNAL 1
| #define HAVE_VISIBILITY_ATTRIBUTE 1
| /* end confdefs.h.  */
| 
|       #include <db/db_cxx.h>
| 
| int
| main ()
| {
| 
|       #if !((DB_VERSION_MAJOR == 4 && DB_VERSION_MINOR >= 8) || DB_VERSION_MAJOR > 4)
|         #error "failed to find bdb 4.8+"
|       #endif
| 
|   ;
|   return 0;
| }
configure:21197: g++ -c -g -O2 -Wall -Wextra -Wformat -Wformat-security -Wno-unused-parameter -Wno-self-assign  -DHAVE_BUILD_INFO -D__STDC_FORMAT_MACROS conftest.cpp >&5
configure:21197: $? = 0
configure:21226: g++ -c -g -O2 -Wall -Wextra -Wformat -Wformat-security -Wno-unused-parameter -Wno-self-assign  -DHAVE_BUILD_INFO -D__STDC_FORMAT_MACROS conftest.cpp >&5
configure:21226: $? = 0
configure:21269: result: default
configure:21288: checking for main in -ldb_cxx-4.8
configure:21307: g++ -o conftest -g -O2 -Wall -Wextra -Wformat -Wformat-security -Wno-unused-parameter -Wno-self-assign  -DHAVE_BUILD_INFO -D__STDC_FORMAT_MACROS  conftest.cpp -ldb_cxx-4.8  -lanl  >&5
configure:21307: $? = 0
configure:21317: result: yes
configure:21338: checking miniupnpc/miniwget.h usability
configure:21338: g++ -c -g -O2 -Wall -Wextra -Wformat -Wformat-security -Wno-unused-parameter -Wno-self-assign  -DHAVE_BUILD_INFO -D__STDC_FORMAT_MACROS conftest.cpp >&5
configure:21338: $? = 0
configure:21338: result: yes
configure:21338: checking miniupnpc/miniwget.h presence
configure:21338: g++ -E  -DHAVE_BUILD_INFO -D__STDC_FORMAT_MACROS conftest.cpp
configure:21338: $? = 0
configure:21338: result: yes
configure:21338: checking for miniupnpc/miniwget.h
configure:21338: result: yes
configure:21343: checking for main in -lminiupnpc
configure:21362: g++ -o conftest -g -O2 -Wall -Wextra -Wformat -Wformat-security -Wno-unused-parameter -Wno-self-assign  -DHAVE_BUILD_INFO -D__STDC_FORMAT_MACROS  conftest.cpp -lminiupnpc  -lanl  >&5
configure:21362: $? = 0
configure:21371: result: yes
configure:21338: checking miniupnpc/miniupnpc.h usability
configure:21338: g++ -c -g -O2 -Wall -Wextra -Wformat -Wformat-security -Wno-unused-parameter -Wno-self-assign  -DHAVE_BUILD_INFO -D__STDC_FORMAT_MACROS conftest.cpp >&5
configure:21338: $? = 0
configure:21338: result: yes
configure:21338: checking miniupnpc/miniupnpc.h presence
configure:21338: g++ -E  -DHAVE_BUILD_INFO -D__STDC_FORMAT_MACROS conftest.cpp
configure:21338: $? = 0
configure:21338: result: yes
configure:21338: checking for miniupnpc/miniupnpc.h
configure:21338: result: yes
configure:21343: checking for main in -lminiupnpc
configure:21371: result: yes
configure:21338: checking miniupnpc/upnpcommands.h usability
configure:21338: g++ -c -g -O2 -Wall -Wextra -Wformat -Wformat-security -Wno-unused-parameter -Wno-self-assign  -DHAVE_BUILD_INFO -D__STDC_FORMAT_MACROS conftest.cpp >&5
configure:21338: $? = 0
configure:21338: result: yes
configure:21338: checking miniupnpc/upnpcommands.h presence
configure:21338: g++ -E  -DHAVE_BUILD_INFO -D__STDC_FORMAT_MACROS conftest.cpp
configure:21338: $? = 0
configure:21338: result: yes
configure:21338: checking for miniupnpc/upnpcommands.h
configure:21338: result: yes
configure:21343: checking for main in -lminiupnpc
configure:21371: result: yes
configure:21338: checking miniupnpc/upnperrors.h usability
configure:21338: g++ -c -g -O2 -Wall -Wextra -Wformat -Wformat-security -Wno-unused-parameter -Wno-self-assign  -DHAVE_BUILD_INFO -D__STDC_FORMAT_MACROS conftest.cpp >&5
configure:21338: $? = 0
configure:21338: result: yes
configure:21338: checking miniupnpc/upnperrors.h presence
configure:21338: g++ -E  -DHAVE_BUILD_INFO -D__STDC_FORMAT_MACROS conftest.cpp
configure:21338: $? = 0
configure:21338: result: yes
configure:21338: checking for miniupnpc/upnperrors.h
configure:21338: result: yes
configure:21343: checking for main in -lminiupnpc
configure:21371: result: yes
configure:21553: checking for QT
configure:21560: $PKG_CONFIG --exists --print-errors "$qt4_modules"
configure:21563: $? = 0
configure:21577: $PKG_CONFIG --exists --print-errors "$qt4_modules"
configure:21580: $? = 0
configure:21618: result: yes
configure:21798: checking for QT_TEST
configure:21805: $PKG_CONFIG --exists --print-errors "${QT_LIB_PREFIX}Test"
configure:21808: $? = 0
configure:21822: $PKG_CONFIG --exists --print-errors "${QT_LIB_PREFIX}Test"
configure:21825: $? = 0
configure:21863: result: yes
configure:21870: checking for QT_DBUS
configure:21877: $PKG_CONFIG --exists --print-errors "${QT_LIB_PREFIX}DBus"
configure:21880: $? = 0
configure:21894: $PKG_CONFIG --exists --print-errors "${QT_LIB_PREFIX}DBus"
configure:21897: $? = 0
configure:21935: result: yes
configure:23621: checking whether -fPIE can be used with this Qt config
configure:23642: g++ -c -fPIE -g -O2 -Wall -Wextra -Wformat -Wformat-security -Wno-unused-parameter -Wno-self-assign -DQT_SHARED -I/usr/include/qt4 -I/usr/include/qt4/QtCore -I/usr/include/qt4/QtGui -I/usr/include/qt4/QtNetwork    -DHAVE_BUILD_INFO -D__STDC_FORMAT_MACROS conftest.cpp >&5
configure:23642: $? = 0
configure:23643: result: yes
configure:23757: checking for moc-qt4
configure:23775: found /usr/bin/moc-qt4
configure:23787: result: /usr/bin/moc-qt4
configure:23876: checking for uic-qt4
configure:23894: found /usr/bin/uic-qt4
configure:23906: result: /usr/bin/uic-qt4
configure:23995: checking for rcc-qt4
configure:24028: result: no
configure:23995: checking for rcc4
configure:24028: result: no
configure:23995: checking for rcc
configure:24013: found /usr/bin/rcc
configure:24025: result: /usr/bin/rcc
configure:24114: checking for lrelease-qt4
configure:24132: found /usr/bin/lrelease-qt4
configure:24144: result: /usr/bin/lrelease-qt4
configure:24233: checking for lupdate-qt4
configure:24251: found /usr/bin/lupdate-qt4
configure:24263: result: /usr/bin/lupdate-qt4
configure:24402: checking whether to build VCoin Core GUI
configure:24432: result: yes (Qt4)
configure:24504: checking for boostlib >= 1.20.0
configure:24589: g++ -c -g -O2 -Wall -Wextra -Wformat -Wformat-security -Wno-unused-parameter -Wno-self-assign  -DHAVE_BUILD_INFO -D__STDC_FORMAT_MACROS -I/usr/include conftest.cpp >&5
configure:24589: $? = 0
configure:24591: result: yes
configure:24775: checking whether the Boost::System library is available
configure:24799: g++ -c -g -O2 -Wall -Wextra -Wformat -Wformat-security -Wno-unused-parameter -Wno-self-assign  -DHAVE_BUILD_INFO -D__STDC_FORMAT_MACROS -I/usr/include conftest.cpp >&5
conftest.cpp: In function 'int main()':
conftest.cpp:67:3: warning: statement is a reference, not call, to function 'boost::system::system_category' [-Waddress]
   ;
   ^
conftest.cpp:67:3: warning: statement has no effect [-Wunused-value]
At global scope:
cc1plus: warning: unrecognized command line option "-Wno-self-assign" [enabled by default]
configure:24799: $? = 0
configure:24814: result: yes
configure:24830: checking for exit in -lboost_system
configure:24855: g++ -o conftest -g -O2 -Wall -Wextra -Wformat -Wformat-security -Wno-unused-parameter -Wno-self-assign  -DHAVE_BUILD_INFO -D__STDC_FORMAT_MACROS -I/usr/include  -L/usr/lib/x86_64-linux-gnu conftest.cpp -lboost_system  -lanl  >&5
configure:24855: $? = 0
configure:24865: result: yes
configure:25020: checking whether the Boost::Filesystem library is available
configure:25044: g++ -c -g -O2 -Wall -Wextra -Wformat -Wformat-security -Wno-unused-parameter -Wno-self-assign  -DHAVE_BUILD_INFO -D__STDC_FORMAT_MACROS -I/usr/include conftest.cpp >&5
configure:25044: $? = 0
configure:25058: result: yes
configure:25070: checking for exit in -lboost_filesystem
configure:25095: g++ -o conftest -g -O2 -Wall -Wextra -Wformat -Wformat-security -Wno-unused-parameter -Wno-self-assign  -DHAVE_BUILD_INFO -D__STDC_FORMAT_MACROS -I/usr/include  -L/usr/lib/x86_64-linux-gnu conftest.cpp -lboost_filesystem  -lanl  -lboost_system >&5
configure:25095: $? = 0
configure:25105: result: yes
configure:25255: checking whether the Boost::Program_Options library is available
configure:25279: g++ -c -g -O2 -Wall -Wextra -Wformat -Wformat-security -Wno-unused-parameter -Wno-self-assign  -DHAVE_BUILD_INFO -D__STDC_FORMAT_MACROS -I/usr/include conftest.cpp >&5
configure:25279: $? = 0
configure:25293: result: yes
configure:25305: checking for exit in -lboost_program_options
configure:25330: g++ -o conftest -g -O2 -Wall -Wextra -Wformat -Wformat-security -Wno-unused-parameter -Wno-self-assign  -DHAVE_BUILD_INFO -D__STDC_FORMAT_MACROS -I/usr/include  -L/usr/lib/x86_64-linux-gnu conftest.cpp -lboost_program_options  -lanl  >&5
configure:25330: $? = 0
configure:25340: result: yes
configure:25483: checking whether the Boost::Thread library is available
configure:25515: g++ -c -pthread -g -O2 -Wall -Wextra -Wformat -Wformat-security -Wno-unused-parameter -Wno-self-assign  -DHAVE_BUILD_INFO -D__STDC_FORMAT_MACROS -I/usr/include conftest.cpp >&5
configure:25515: $? = 0
configure:25530: result: yes
configure:25560: checking for exit in -lboost_thread
configure:25585: g++ -o conftest -g -O2 -Wall -Wextra -Wformat -Wformat-security -Wno-unused-parameter -Wno-self-assign  -DHAVE_BUILD_INFO -D__STDC_FORMAT_MACROS -I/usr/include  -L/usr/lib/x86_64-linux-gnu conftest.cpp -lboost_thread  -lanl  >&5
configure:25585: $? = 0
configure:25595: result: yes
configure:25755: checking whether the Boost::Chrono library is available
configure:25779: g++ -c -g -O2 -Wall -Wextra -Wformat -Wformat-security -Wno-unused-parameter -Wno-self-assign  -DHAVE_BUILD_INFO -D__STDC_FORMAT_MACROS -pthread -I/usr/include conftest.cpp >&5
configure:25779: $? = 0
configure:25794: result: yes
configure:25810: checking for exit in -lboost_chrono
configure:25835: g++ -o conftest -g -O2 -Wall -Wextra -Wformat -Wformat-security -Wno-unused-parameter -Wno-self-assign  -DHAVE_BUILD_INFO -D__STDC_FORMAT_MACROS -pthread -I/usr/include  -L/usr/lib/x86_64-linux-gnu conftest.cpp -lboost_chrono  -lanl  >&5
configure:25835: $? = 0
configure:25845: result: yes
configure:26086: checking whether the Boost::Unit_Test_Framework library is available
configure:26109: g++ -c -g -O2 -Wall -Wextra -Wformat -Wformat-security -Wno-unused-parameter -Wno-self-assign  -DHAVE_BUILD_INFO -D__STDC_FORMAT_MACROS -pthread -I/usr/include conftest.cpp >&5
conftest.cpp: In function 'int main()':
conftest.cpp:72:21: warning: unused variable 'test' [-Wunused-variable]
         test_suite* test= BOOST_TEST_SUITE( "Unit test example 1" ); return 0;
                     ^
At global scope:
cc1plus: warning: unrecognized command line option "-Wno-self-assign" [enabled by default]
configure:26109: $? = 0
configure:26123: result: yes
configure:26235: checking for dynamic linked boost test
configure:26250: g++ -o conftest -g -O2 -Wall -Wextra -Wformat -Wformat-security -Wno-unused-parameter -Wno-self-assign  -DHAVE_BUILD_INFO -D__STDC_FORMAT_MACROS -pthread -I/usr/include  conftest.cpp -lanl  -L/usr/lib/x86_64-linux-gnu -lboost_unit_test_framework >&5
configure:26250: $? = 0
configure:26251: result: yes
configure:26294: g++ -o conftest -g -O2 -Wall -Wextra -Wformat -Wformat-security -Wno-unused-parameter -Wno-self-assign  -DHAVE_BUILD_INFO -D__STDC_FORMAT_MACROS -pthread -I/usr/include  conftest.cpp -L/usr/lib/x86_64-linux-gnu -lboost_system -lboost_filesystem -lboost_program_options -lboost_thread -lboost_chrono -lanl  >&5
configure:26294: $? = 0
configure:26362: checking for SSL
configure:26369: $PKG_CONFIG --exists --print-errors "libssl"
configure:26372: $? = 0
configure:26386: $PKG_CONFIG --exists --print-errors "libssl"
configure:26389: $? = 0
configure:26427: result: yes
configure:26433: checking for CRYPTO
configure:26440: $PKG_CONFIG --exists --print-errors "libcrypto"
configure:26443: $? = 0
configure:26457: $PKG_CONFIG --exists --print-errors "libcrypto"
configure:26460: $? = 0
configure:26498: result: yes
configure:26507: checking for PROTOBUF
configure:26514: $PKG_CONFIG --exists --print-errors "protobuf"
configure:26517: $? = 0
configure:26531: $PKG_CONFIG --exists --print-errors "protobuf"
configure:26534: $? = 0
configure:26594: result: yes
configure:26609: checking for QR
configure:26616: $PKG_CONFIG --exists --print-errors "libqrencode"
configure:26619: $? = 0
configure:26633: $PKG_CONFIG --exists --print-errors "libqrencode"
configure:26636: $? = 0
configure:26674: result: yes
configure:26687: checking for EVENT
configure:26694: $PKG_CONFIG --exists --print-errors "libevent"
configure:26697: $? = 0
configure:26711: $PKG_CONFIG --exists --print-errors "libevent"
configure:26714: $? = 0
configure:26752: result: yes
configure:26759: checking for EVENT_PTHREADS
configure:26766: $PKG_CONFIG --exists --print-errors "libevent_pthreads"
configure:26769: $? = 0
configure:26783: $PKG_CONFIG --exists --print-errors "libevent_pthreads"
configure:26786: $? = 0
configure:26824: result: yes
configure:26834: checking for ZMQ
configure:26841: $PKG_CONFIG --exists --print-errors "libzmq >= 4"
configure:26844: $? = 0
configure:26858: $PKG_CONFIG --exists --print-errors "libzmq >= 4"
configure:26861: $? = 0
configure:26909: result: yes
configure:27296: checking openssl/ec.h usability
configure:27296: g++ -c -g -O2 -Wall -Wextra -Wformat -Wformat-security -Wno-unused-parameter -Wno-self-assign      -DHAVE_BUILD_INFO -D__STDC_FORMAT_MACROS conftest.cpp >&5
configure:27296: $? = 0
configure:27296: result: yes
configure:27296: checking openssl/ec.h presence
configure:27296: g++ -E  -DHAVE_BUILD_INFO -D__STDC_FORMAT_MACROS conftest.cpp
configure:27296: $? = 0
configure:27296: result: yes
configure:27296: checking for openssl/ec.h
configure:27296: result: yes
configure:27363: checking for protoc
configure:27381: found /usr/bin/protoc
configure:27393: result: /usr/bin/protoc
configure:27427: checking whether to build vcoind
configure:27437: result: yes
configure:27440: checking whether to build utils (vcoin-cli vcoin-tx)
configure:27450: result: yes
configure:27453: checking whether to build libraries
configure:27470: result: yes
configure:27481: checking if ccache should be used
configure:27494: result: no
configure:27535: checking if wallet should be enabled
configure:27538: result: yes
configure:27551: checking whether to build with support for UPnP
configure:27561: result: yes
configure:27563: checking whether to build with UPnP enabled by default
configure:27571: result: no
configure:27589: checking whether to build GUI with support for D-Bus
configure:27596: result: yes
configure:27599: checking whether to build GUI with support for QR codes
configure:27609: result: yes
configure:27626: checking whether to build test_vcoin-qt
configure:27629: result: yes
configure:27647: checking whether to build test_vcoin
configure:27650: result: yes
configure:27659: checking whether to reduce exports
configure:27665: result: no
configure:27973: checking that generated files are newer than configure
configure:27979: result: done
configure:28091: creating ./config.status
configure:30737: result: Fixing libtool for -rpath problems.

## ---------------- ##
## Cache variables. ##
## ---------------- ##

ac_cv_build=x86_64-unknown-linux-gnu
ac_cv_c_bigendian=no
ac_cv_c_compiler_gnu=yes
ac_cv_cxx_compiler_gnu=yes
ac_cv_env_CCC_set=
ac_cv_env_CCC_value=
ac_cv_env_CC_set=
ac_cv_env_CC_value=
ac_cv_env_CFLAGS_set=
ac_cv_env_CFLAGS_value=
ac_cv_env_CPPFLAGS_set=
ac_cv_env_CPPFLAGS_value=
ac_cv_env_CPP_set=
ac_cv_env_CPP_value=
ac_cv_env_CRYPTO_CFLAGS_set=
ac_cv_env_CRYPTO_CFLAGS_value=
ac_cv_env_CRYPTO_LIBS_set=
ac_cv_env_CRYPTO_LIBS_value=
ac_cv_env_CXXCPP_set=
ac_cv_env_CXXCPP_value=
ac_cv_env_CXXFLAGS_set=
ac_cv_env_CXXFLAGS_value=
ac_cv_env_CXX_set=
ac_cv_env_CXX_value=
ac_cv_env_EVENT_CFLAGS_set=
ac_cv_env_EVENT_CFLAGS_value=
ac_cv_env_EVENT_LIBS_set=
ac_cv_env_EVENT_LIBS_value=
ac_cv_env_EVENT_PTHREADS_CFLAGS_set=
ac_cv_env_EVENT_PTHREADS_CFLAGS_value=
ac_cv_env_EVENT_PTHREADS_LIBS_set=
ac_cv_env_EVENT_PTHREADS_LIBS_value=
ac_cv_env_LDFLAGS_set=
ac_cv_env_LDFLAGS_value=
ac_cv_env_LIBS_set=
ac_cv_env_LIBS_value=
ac_cv_env_OBJCXXFLAGS_set=
ac_cv_env_OBJCXXFLAGS_value=
ac_cv_env_OBJCXX_set=
ac_cv_env_OBJCXX_value=
ac_cv_env_PKG_CONFIG_LIBDIR_set=
ac_cv_env_PKG_CONFIG_LIBDIR_value=
ac_cv_env_PKG_CONFIG_PATH_set=
ac_cv_env_PKG_CONFIG_PATH_value=
ac_cv_env_PKG_CONFIG_set=
ac_cv_env_PKG_CONFIG_value=
ac_cv_env_PROTOBUF_CFLAGS_set=
ac_cv_env_PROTOBUF_CFLAGS_value=
ac_cv_env_PROTOBUF_LIBS_set=
ac_cv_env_PROTOBUF_LIBS_value=
ac_cv_env_QR_CFLAGS_set=
ac_cv_env_QR_CFLAGS_value=
ac_cv_env_QR_LIBS_set=
ac_cv_env_QR_LIBS_value=
ac_cv_env_QTPLATFORM_CFLAGS_set=
ac_cv_env_QTPLATFORM_CFLAGS_value=
ac_cv_env_QTPLATFORM_LIBS_set=
ac_cv_env_QTPLATFORM_LIBS_value=
ac_cv_env_QTPRINT_CFLAGS_set=
ac_cv_env_QTPRINT_CFLAGS_value=
ac_cv_env_QTPRINT_LIBS_set=
ac_cv_env_QTPRINT_LIBS_value=
ac_cv_env_QTXCBQPA_CFLAGS_set=
ac_cv_env_QTXCBQPA_CFLAGS_value=
ac_cv_env_QTXCBQPA_LIBS_set=
ac_cv_env_QTXCBQPA_LIBS_value=
ac_cv_env_QT_CFLAGS_set=
ac_cv_env_QT_CFLAGS_value=
ac_cv_env_QT_DBUS_CFLAGS_set=
ac_cv_env_QT_DBUS_CFLAGS_value=
ac_cv_env_QT_DBUS_LIBS_set=
ac_cv_env_QT_DBUS_LIBS_value=
ac_cv_env_QT_LIBS_set=
ac_cv_env_QT_LIBS_value=
ac_cv_env_QT_TEST_CFLAGS_set=
ac_cv_env_QT_TEST_CFLAGS_value=
ac_cv_env_QT_TEST_LIBS_set=
ac_cv_env_QT_TEST_LIBS_value=
ac_cv_env_SSL_CFLAGS_set=
ac_cv_env_SSL_CFLAGS_value=
ac_cv_env_SSL_LIBS_set=
ac_cv_env_SSL_LIBS_value=
ac_cv_env_X11XCB_CFLAGS_set=
ac_cv_env_X11XCB_CFLAGS_value=
ac_cv_env_X11XCB_LIBS_set=
ac_cv_env_X11XCB_LIBS_value=
ac_cv_env_ZMQ_CFLAGS_set=
ac_cv_env_ZMQ_CFLAGS_value=
ac_cv_env_ZMQ_LIBS_set=
ac_cv_env_ZMQ_LIBS_value=
ac_cv_env_build_alias_set=
ac_cv_env_build_alias_value=
ac_cv_env_host_alias_set=
ac_cv_env_host_alias_value=
ac_cv_env_target_alias_set=
ac_cv_env_target_alias_value=
ac_cv_func_strerror_r=yes
ac_cv_func_strerror_r_char_p=yes
ac_cv_have_decl_be16toh=yes
ac_cv_have_decl_be32toh=yes
ac_cv_have_decl_be64toh=yes
ac_cv_have_decl_bswap_16=yes
ac_cv_have_decl_bswap_32=yes
ac_cv_have_decl_bswap_64=yes
ac_cv_have_decl_htobe16=yes
ac_cv_have_decl_htobe32=yes
ac_cv_have_decl_htobe64=yes
ac_cv_have_decl_htole16=yes
ac_cv_have_decl_htole32=yes
ac_cv_have_decl_htole64=yes
ac_cv_have_decl_le16toh=yes
ac_cv_have_decl_le32toh=yes
ac_cv_have_decl_le64toh=yes
ac_cv_have_decl_strerror_r=yes
ac_cv_have_decl_strnlen=yes
ac_cv_header_byteswap_h=yes
ac_cv_header_dlfcn_h=yes
ac_cv_header_endian_h=yes
ac_cv_header_inttypes_h=yes
ac_cv_header_memory_h=yes
ac_cv_header_miniupnpc_miniupnpc_h=yes
ac_cv_header_miniupnpc_miniwget_h=yes
ac_cv_header_miniupnpc_upnpcommands_h=yes
ac_cv_header_miniupnpc_upnperrors_h=yes
ac_cv_header_openssl_ec_h=yes
ac_cv_header_stdc=yes
ac_cv_header_stdint_h=yes
ac_cv_header_stdio_h=yes
ac_cv_header_stdlib_h=yes
ac_cv_header_string_h=yes
ac_cv_header_strings_h=yes
ac_cv_header_sys_endian_h=no
ac_cv_header_sys_prctl_h=yes
ac_cv_header_sys_select_h=yes
ac_cv_header_sys_stat_h=yes
ac_cv_header_sys_types_h=yes
ac_cv_header_unistd_h=yes
ac_cv_host=x86_64-unknown-linux-gnu
ac_cv_lib_boost_chrono___exit=yes
ac_cv_lib_boost_filesystem___exit=yes
ac_cv_lib_boost_program_options___exit=yes
ac_cv_lib_boost_system___exit=yes
ac_cv_lib_boost_thread___exit=yes
ac_cv_lib_db_cxx_4_8___main=yes
ac_cv_lib_miniupnpc_main=yes
ac_cv_objcxx_compiler_gnu=no
ac_cv_objext=o
ac_cv_path_EGREP='/bin/grep -E'
ac_cv_path_FGREP='/bin/grep -F'
ac_cv_path_GIT=/usr/bin/git
ac_cv_path_GREP=/bin/grep
ac_cv_path_HEXDUMP=/usr/bin/hexdump
ac_cv_path_JAVA=/usr/bin/java
ac_cv_path_LRELEASE=/usr/bin/lrelease-qt4
ac_cv_path_LUPDATE=/usr/bin/lupdate-qt4
ac_cv_path_MOC=/usr/bin/moc-qt4
ac_cv_path_PROTOC=/usr/bin/protoc
ac_cv_path_PYTHON=/usr/bin/python
ac_cv_path_RCC=/usr/bin/rcc
ac_cv_path_SED=/bin/sed
ac_cv_path_UIC=/usr/bin/uic-qt4
ac_cv_path_XGETTEXT=/usr/bin/xgettext
ac_cv_path_ac_pt_AR=/usr/bin/ar
ac_cv_path_ac_pt_CPPFILT=/usr/bin/c++filt
ac_cv_path_ac_pt_GCOV=/usr/bin/gcov
ac_cv_path_ac_pt_PKG_CONFIG=/usr/bin/pkg-config
ac_cv_path_ac_pt_RANLIB=/usr/bin/ranlib
ac_cv_path_ac_pt_READELF=/usr/bin/readelf
ac_cv_path_ac_pt_STRIP=/usr/bin/strip
ac_cv_path_install='/usr/bin/install -c'
ac_cv_path_mkdir=/bin/mkdir
ac_cv_prog_AWK=gawk
ac_cv_prog_CPP='gcc -E'
ac_cv_prog_CXXCPP='g++ -E'
ac_cv_prog_ac_ct_AR=ar
ac_cv_prog_ac_ct_CC=gcc
ac_cv_prog_ac_ct_CXX=g++
ac_cv_prog_ac_ct_MANIFEST_TOOL=mt
ac_cv_prog_ac_ct_OBJCXX=g++
ac_cv_prog_ac_ct_OBJDUMP=objdump
ac_cv_prog_ac_ct_RANLIB=ranlib
ac_cv_prog_ac_ct_STRIP=strip
ac_cv_prog_cc_c89=
ac_cv_prog_cc_g=yes
ac_cv_prog_cxx_g=yes
ac_cv_prog_make_make_set=yes
ac_cv_prog_objcxx_g=no
ac_cv_search_clock_gettime='none required'
ac_cv_search_getaddrinfo_a=-lanl
ac_cv_search_inet_pton='none required'
ac_cv_sys_file_offset_bits=no
ac_cv_sys_largefile_CC=no
am_cv_CC_dependencies_compiler_type=gcc3
am_cv_CXX_dependencies_compiler_type=gcc3
am_cv_OBJCXX_dependencies_compiler_type=gcc3
am_cv_make_support_nested_variables=yes
am_cv_prog_cc_c_o=yes
ax_cv_PTHREAD_PRIO_INHERIT=yes
ax_cv_boost_chrono=yes
ax_cv_boost_filesystem=yes
ax_cv_boost_program_options=yes
ax_cv_boost_system=yes
ax_cv_boost_thread=yes
ax_cv_boost_unit_test_framework=yes
ax_cv_check_cxxcppflags___D_FORTIFY_SOURCE_2=yes
ax_cv_check_cxxcppflags___U_FORTIFY_SOURCE=yes
ax_cv_check_cxxflags___Wstack_protector=yes
ax_cv_check_cxxflags___fPIC=yes
ax_cv_check_cxxflags___fPIE=yes
ax_cv_check_cxxflags___fstack_protector_all=yes
ax_cv_check_ldflags___Wl___dynamicbase=no
ax_cv_check_ldflags___Wl___large_address_aware=no
ax_cv_check_ldflags___Wl___nxcompat=no
ax_cv_check_ldflags___Wl__z_now=yes
ax_cv_check_ldflags___Wl__z_relro=yes
ax_cv_check_ldflags___pie=yes
ax_cv_have_func_attribute_dllexport=no
ax_cv_have_func_attribute_dllimport=no
ax_cv_have_func_attribute_visibility=yes
lt_cv_ar_at_file=@
lt_cv_deplibs_check_method=pass_all
lt_cv_file_magic_cmd='$MAGIC_CMD'
lt_cv_file_magic_test_file=
lt_cv_ld_reload_flag=-r
lt_cv_nm_interface='BSD nm'
lt_cv_objdir=.libs
lt_cv_path_LD=/usr/bin/ld
lt_cv_path_LDCXX='/usr/bin/ld -m elf_x86_64'
lt_cv_path_NM='/usr/bin/nm -B'
lt_cv_path_mainfest_tool=no
lt_cv_prog_compiler_c_o=yes
lt_cv_prog_compiler_c_o_CXX=yes
lt_cv_prog_compiler_pic='-fPIC -DPIC'
lt_cv_prog_compiler_pic_CXX='-fPIC -DPIC'
lt_cv_prog_compiler_pic_works=yes
lt_cv_prog_compiler_pic_works_CXX=yes
lt_cv_prog_compiler_rtti_exceptions=no
lt_cv_prog_compiler_static_works=yes
lt_cv_prog_compiler_static_works_CXX=yes
lt_cv_prog_gnu_ld=yes
lt_cv_prog_gnu_ldcxx=yes
lt_cv_sharedlib_from_linklib_cmd='printf %s\n'
lt_cv_shlibpath_overrides_runpath=no
lt_cv_sys_global_symbol_pipe='sed -n -e '\''s/^.*[	 ]\([ABCDGIRSTW][ABCDGIRSTW]*\)[	 ][	 ]*\([_A-Za-z][_A-Za-z0-9]*\)$/\1 \2 \2/p'\'' | sed '\''/ __gnu_lto/d'\'''
lt_cv_sys_global_symbol_to_c_name_address='sed -n -e '\''s/^: \([^ ]*\)[ ]*$/  {\"\1\", (void *) 0},/p'\'' -e '\''s/^[ABCDGIRSTW]* \([^ ]*\) \([^ ]*\)$/  {"\2", (void *) \&\2},/p'\'''
lt_cv_sys_global_symbol_to_c_name_address_lib_prefix='sed -n -e '\''s/^: \([^ ]*\)[ ]*$/  {\"\1\", (void *) 0},/p'\'' -e '\''s/^[ABCDGIRSTW]* \([^ ]*\) \(lib[^ ]*\)$/  {"\2", (void *) \&\2},/p'\'' -e '\''s/^[ABCDGIRSTW]* \([^ ]*\) \([^ ]*\)$/  {"lib\2", (void *) \&\2},/p'\'''
lt_cv_sys_global_symbol_to_cdecl='sed -n -e '\''s/^T .* \(.*\)$/extern int \1();/p'\'' -e '\''s/^[ABCDGIRSTW]* .* \(.*\)$/extern char \1;/p'\'''
lt_cv_sys_max_cmd_len=3458764513820540925
lt_cv_to_host_file_cmd=func_convert_file_noop
lt_cv_to_tool_file_cmd=func_convert_file_noop
pkg_cv_CRYPTO_CFLAGS=' '
pkg_cv_CRYPTO_LIBS='-lcrypto  '
pkg_cv_EVENT_CFLAGS=' '
pkg_cv_EVENT_LIBS='-levent  '
pkg_cv_EVENT_PTHREADS_CFLAGS='-pthread  '
pkg_cv_EVENT_PTHREADS_LIBS='-levent_pthreads -levent  '
pkg_cv_PROTOBUF_CFLAGS='-pthread  '
pkg_cv_PROTOBUF_LIBS='-pthread -lprotobuf -lpthread  '
pkg_cv_QR_CFLAGS=' '
pkg_cv_QR_LIBS='-lqrencode  '
pkg_cv_QT_CFLAGS='-DQT_SHARED -I/usr/include/qt4 -I/usr/include/qt4/QtCore -I/usr/include/qt4/QtGui -I/usr/include/qt4/QtNetwork  '
pkg_cv_QT_DBUS_CFLAGS='-DQT_SHARED -I/usr/include/qt4 -I/usr/include/qt4/QtDBus -I/usr/include/qt4/QtCore -I/usr/include/qt4/QtXml  '
pkg_cv_QT_DBUS_LIBS='-lQtDBus -lQtXml -lQtCore  '
pkg_cv_QT_LIBS='-lQtGui -lQtNetwork -lQtCore  '
pkg_cv_QT_TEST_CFLAGS='-DQT_SHARED -I/usr/include/qt4 -I/usr/include/qt4/QtTest  '
pkg_cv_QT_TEST_LIBS='-lQtTest  '
pkg_cv_SSL_CFLAGS=' '
pkg_cv_SSL_LIBS='-lssl -lcrypto  '
pkg_cv_ZMQ_CFLAGS=' '
pkg_cv_ZMQ_LIBS='-lzmq  '

## ----------------- ##
## Output variables. ##
## ----------------- ##

ACLOCAL='${SHELL} /home/rootx/rrp/ip/v/build-aux/missing aclocal-1.14'
AMDEPBACKSLASH='\'
AMDEP_FALSE='#'
AMDEP_TRUE=''
AMTAR='$${TAR-tar}'
AM_BACKSLASH='\'
AM_DEFAULT_V='$(AM_DEFAULT_VERBOSITY)'
AM_DEFAULT_VERBOSITY='0'
AM_V='$(V)'
AR='/usr/bin/ar'
AUTOCONF='${SHELL} /home/rootx/rrp/ip/v/build-aux/missing autoconf'
AUTOHEADER='${SHELL} /home/rootx/rrp/ip/v/build-aux/missing autoheader'
AUTOMAKE='${SHELL} /home/rootx/rrp/ip/v/build-aux/missing automake-1.14'
AWK='gawk'
BDB_CPPFLAGS=''
BDB_LIBS='-ldb_cxx-4.8'
BOOST_CHRONO_LIB='-lboost_chrono'
BOOST_CPPFLAGS='-pthread -I/usr/include'
BOOST_FILESYSTEM_LIB='-lboost_filesystem'
BOOST_LDFLAGS='-L/usr/lib/x86_64-linux-gnu'
BOOST_LIBS='-L/usr/lib/x86_64-linux-gnu -lboost_system -lboost_filesystem -lboost_program_options -lboost_thread -lboost_chrono'
BOOST_PROGRAM_OPTIONS_LIB='-lboost_program_options'
BOOST_SYSTEM_LIB='-lboost_system'
BOOST_THREAD_LIB='-lboost_thread'
BOOST_UNIT_TEST_FRAMEWORK_LIB='-lboost_unit_test_framework'
BREW=''
BUILD_DARWIN_FALSE=''
BUILD_DARWIN_TRUE='#'
BUILD_VCOIND_FALSE='#'
BUILD_VCOIND_TRUE=''
BUILD_VCOIN_LIBS_FALSE='#'
BUILD_VCOIN_LIBS_TRUE=''
BUILD_VCOIN_UTILS_FALSE='#'
BUILD_VCOIN_UTILS_TRUE=''
CC='gcc'
CCACHE=''
CCDEPMODE='depmode=gcc3'
CFLAGS='-g -O2'
CLIENT_VERSION_BUILD='0'
CLIENT_VERSION_IS_RELEASE='true'
CLIENT_VERSION_MAJOR='0'
CLIENT_VERSION_MINOR='12'
CLIENT_VERSION_REVISION='1'
COMPARISON_TOOL_REORG_TESTS='0'
COPYRIGHT_YEAR='2016'
CPP='gcc -E'
CPPFILT='/usr/bin/c++filt'
CPPFLAGS=' -DHAVE_BUILD_INFO -D__STDC_FORMAT_MACROS'
CRYPTO_CFLAGS=' '
CRYPTO_LIBS='-lcrypto  '
CXX='g++'
CXXCPP='g++ -E'
CXXDEPMODE='depmode=gcc3'
CXXFLAGS='-g -O2 -Wall -Wextra -Wformat -Wformat-security -Wno-unused-parameter -Wno-self-assign'
CYGPATH_W='echo'
DEFS='-DHAVE_CONFIG_H'
DEPDIR='.deps'
DLLTOOL='false'
DSYMUTIL=''
DUMPBIN=''
ECHO_C=''
ECHO_N='-n'
ECHO_T=''
EGREP='/bin/grep -E'
EMBEDDED_LEVELDB_FALSE='#'
EMBEDDED_LEVELDB_TRUE=''
ENABLE_BENCH_FALSE='#'
ENABLE_BENCH_TRUE=''
ENABLE_QT_FALSE='#'
ENABLE_QT_TESTS_FALSE='#'
ENABLE_QT_TESTS_TRUE=''
ENABLE_QT_TRUE=''
ENABLE_TESTS_FALSE='#'
ENABLE_TESTS_TRUE=''
ENABLE_WALLET_FALSE='#'
ENABLE_WALLET_TRUE=''
ENABLE_ZMQ_FALSE='#'
ENABLE_ZMQ_TRUE=''
EVENT_CFLAGS=' '
EVENT_LIBS='-levent  '
EVENT_PTHREADS_CFLAGS='-pthread  '
EVENT_PTHREADS_LIBS='-levent_pthreads -levent  '
EXEEXT=''
EXTENDED_RPC_TESTS=''
FGREP='/bin/grep -F'
GCOV='/usr/bin/gcov'
GENHTML=''
GENISOIMAGE=''
GIT='/usr/bin/git'
GLIBC_BACK_COMPAT_FALSE=''
GLIBC_BACK_COMPAT_TRUE='#'
GREP='/bin/grep'
HARDENED_CPPFLAGS=' -U_FORTIFY_SOURCE -D_FORTIFY_SOURCE=2'
HARDENED_CXXFLAGS=' -Wstack-protector -fstack-protector-all'
HARDENED_LDFLAGS=' -Wl,-z,relro -Wl,-z,now -pie'
HARDEN_FALSE='#'
HARDEN_TRUE=''
HEXDUMP='/usr/bin/hexdump'
INSTALLNAMETOOL=''
INSTALL_DATA='${INSTALL} -m 644'
INSTALL_PROGRAM='${INSTALL}'
INSTALL_SCRIPT='${INSTALL}'
INSTALL_STRIP_PROGRAM='$(install_sh) -c -s'
JAVA='/usr/bin/java'
JAVA_COMPARISON_TOOL=''
LCOV=''
LD='/usr/bin/ld -m elf_x86_64'
LDFLAGS=''
LEVELDB_CPPFLAGS=''
LEVELDB_TARGET_FLAGS=''
LIBLEVELDB=''
LIBMEMENV=''
LIBOBJS=''
LIBS='-lanl '
LIBTOOL='$(SHELL) $(top_builddir)/libtool'
LIBTOOL_APP_LDFLAGS=''
LIPO=''
LN_S='ln -s'
LRELEASE='/usr/bin/lrelease-qt4'
LTLIBOBJS=''
LUPDATE='/usr/bin/lupdate-qt4'
MAINT=''
MAINTAINER_MODE_FALSE='#'
MAINTAINER_MODE_TRUE=''
MAKEINFO='${SHELL} /home/rootx/rrp/ip/v/build-aux/missing makeinfo'
MAKENSIS=''
MANIFEST_TOOL=':'
MINIUPNPC_CPPFLAGS=''
MINIUPNPC_LIBS='-lminiupnpc'
MKDIR_P='/bin/mkdir -p'
MOC='/usr/bin/moc-qt4'
MOC_DEFS='-DHAVE_CONFIG_H -I$(srcdir)'
NM='/usr/bin/nm -B'
NMEDIT=''
OBJCXX='g++'
OBJCXXDEPMODE='depmode=gcc3'
OBJCXXFLAGS=''
OBJDUMP='objdump'
OBJEXT='o'
OTOOL64=''
OTOOL=''
PACKAGE='vcoin'
PACKAGE_BUGREPORT='https://github.com/vcoin/vcoin/issues'
PACKAGE_NAME='VCoin Core'
PACKAGE_STRING='VCoin Core 0.12.1'
PACKAGE_TARNAME='vcoin'
PACKAGE_URL=''
PACKAGE_VERSION='0.12.1'
PATH_SEPARATOR=':'
PIC_FLAGS='-fPIC'
PIE_FLAGS='-fPIE'
PKG_CONFIG='/usr/bin/pkg-config'
PKG_CONFIG_LIBDIR=''
PKG_CONFIG_PATH=''
PORT=''
PROTOBUF_CFLAGS='-pthread  '
PROTOBUF_LIBS='-pthread -lprotobuf -lpthread  '
PROTOC='/usr/bin/protoc'
PTHREAD_CC='gcc'
PTHREAD_CFLAGS='-pthread'
PTHREAD_LIBS=''
PYTHON='/usr/bin/python'
QR_CFLAGS=' '
QR_LIBS='-lqrencode  '
QTPLATFORM_CFLAGS=''
QTPLATFORM_LIBS=''
QTPRINT_CFLAGS=''
QTPRINT_LIBS=''
QTXCBQPA_CFLAGS=''
QTXCBQPA_LIBS=''
QT_CFLAGS='-DQT_SHARED -I/usr/include/qt4 -I/usr/include/qt4/QtCore -I/usr/include/qt4/QtGui -I/usr/include/qt4/QtNetwork  '
QT_DBUS_CFLAGS='-DQT_SHARED -I/usr/include/qt4 -I/usr/include/qt4/QtDBus -I/usr/include/qt4/QtCore -I/usr/include/qt4/QtXml  '
QT_DBUS_INCLUDES='-DQT_SHARED -I/usr/include/qt4 -I/usr/include/qt4/QtDBus -I/usr/include/qt4/QtCore -I/usr/include/qt4/QtXml  '
QT_DBUS_LIBS='-lQtDBus -lQtXml -lQtCore  '
QT_INCLUDES='-DQT_SHARED -I/usr/include/qt4 -I/usr/include/qt4/QtCore -I/usr/include/qt4/QtGui -I/usr/include/qt4/QtNetwork  '
QT_LDFLAGS=''
QT_LIBS='-lQtGui -lQtNetwork -lQtCore  '
QT_PIE_FLAGS='-fPIE'
QT_SELECT='qt4'
QT_TEST_CFLAGS='-DQT_SHARED -I/usr/include/qt4 -I/usr/include/qt4/QtTest  '
QT_TEST_INCLUDES='-DQT_SHARED -I/usr/include/qt4 -I/usr/include/qt4/QtTest  '
QT_TEST_LIBS='-lQtTest  '
QT_TRANSLATION_DIR=''
RANLIB='/usr/bin/ranlib'
RCC='/usr/bin/rcc'
READELF='/usr/bin/readelf'
RELDFLAGS=''
SED='/bin/sed'
SET_MAKE=''
SHELL='/bin/bash'
SSL_CFLAGS=' '
SSL_LIBS='-lssl -lcrypto  '
STRIP='/usr/bin/strip'
TARGET_DARWIN_FALSE=''
TARGET_DARWIN_TRUE='#'
TARGET_WINDOWS_FALSE=''
TARGET_WINDOWS_TRUE='#'
TESTDEFS=' -DBOOST_TEST_DYN_LINK'
UIC='/usr/bin/uic-qt4'
USE_COMPARISON_TOOL_FALSE=''
USE_COMPARISON_TOOL_REORG_TESTS_FALSE='#'
USE_COMPARISON_TOOL_REORG_TESTS_TRUE=''
USE_COMPARISON_TOOL_TRUE='#'
USE_LCOV_FALSE=''
USE_LCOV_TRUE='#'
USE_QRCODE=''
USE_QRCODE_FALSE='#'
USE_QRCODE_TRUE=''
USE_UPNP=''
VERSION='0.12.1'
WINDOWS_BITS=''
WINDRES=''
X11XCB_CFLAGS=''
X11XCB_LIBS=''
XGETTEXT='/usr/bin/xgettext'
ZMQ_CFLAGS=' '
ZMQ_LIBS='-lzmq  '
ac_ct_AR='ar'
ac_ct_CC='gcc'
ac_ct_CXX='g++'
ac_ct_DUMPBIN=''
ac_ct_OBJCXX='g++'
am__EXEEXT_FALSE=''
am__EXEEXT_TRUE='#'
am__fastdepCC_FALSE='#'
am__fastdepCC_TRUE=''
am__fastdepCXX_FALSE='#'
am__fastdepCXX_TRUE=''
am__fastdepOBJCXX_FALSE='#'
am__fastdepOBJCXX_TRUE=''
am__include='include'
am__isrc=''
am__leading_dot='.'
am__nodep='_no'
am__quote=''
am__tar='$${TAR-tar} chof - "$$tardir"'
am__untar='$${TAR-tar} xf -'
ax_pthread_config=''
bindir='${exec_prefix}/bin'
build='x86_64-unknown-linux-gnu'
build_alias=''
build_cpu='x86_64'
build_os='linux-gnu'
build_vendor='unknown'
datadir='${datarootdir}'
datarootdir='${prefix}/share'
docdir='${datarootdir}/doc/${PACKAGE_TARNAME}'
dvidir='${docdir}'
exec_prefix='${prefix}'
host='x86_64-unknown-linux-gnu'
host_alias=''
host_cpu='x86_64'
host_os='linux-gnu'
host_vendor='unknown'
htmldir='${docdir}'
includedir='${prefix}/include'
infodir='${datarootdir}/info'
install_sh='${SHELL} /home/rootx/rrp/ip/v/build-aux/install-sh'
libdir='${exec_prefix}/lib'
libexecdir='${exec_prefix}/libexec'
localedir='${datarootdir}/locale'
localstatedir='${prefix}/var'
mandir='${datarootdir}/man'
mkdir_p='$(MKDIR_P)'
oldincludedir='/usr/include'
pdfdir='${docdir}'
prefix='/usr/local'
program_transform_name='s,x,x,'
psdir='${docdir}'
sbindir='${exec_prefix}/sbin'
sharedstatedir='${prefix}/com'
subdirs=' src/secp256k1 src/univalue'
sysconfdir='${prefix}/etc'
target_alias=''

## ----------- ##
## confdefs.h. ##
## ----------- ##

/* confdefs.h */
#define PACKAGE_NAME "VCoin Core"
#define PACKAGE_TARNAME "vcoin"
#define PACKAGE_VERSION "0.12.1"
#define PACKAGE_STRING "VCoin Core 0.12.1"
#define PACKAGE_BUGREPORT "https://github.com/vcoin/vcoin/issues"
#define PACKAGE_URL ""
#define STDC_HEADERS 1
#define HAVE_SYS_TYPES_H 1
#define HAVE_SYS_STAT_H 1
#define HAVE_STDLIB_H 1
#define HAVE_STRING_H 1
#define HAVE_MEMORY_H 1
#define HAVE_STRINGS_H 1
#define HAVE_INTTYPES_H 1
#define HAVE_STDINT_H 1
#define HAVE_UNISTD_H 1
#define HAVE_DLFCN_H 1
#define LT_OBJDIR ".libs/"
#define HAVE_PTHREAD_PRIO_INHERIT 1
#define HAVE_PTHREAD 1
#define HAVE_DECL_STRERROR_R 1
#define HAVE_STRERROR_R 1
#define STRERROR_R_CHAR_P 1
#define HAVE_FUNC_ATTRIBUTE_VISIBILITY 1
#define HAVE_ENDIAN_H 1
#define HAVE_BYTESWAP_H 1
#define HAVE_STDIO_H 1
#define HAVE_STDLIB_H 1
#define HAVE_UNISTD_H 1
#define HAVE_STRINGS_H 1
#define HAVE_SYS_TYPES_H 1
#define HAVE_SYS_STAT_H 1
#define HAVE_SYS_SELECT_H 1
#define HAVE_SYS_PRCTL_H 1
#define HAVE_GETADDRINFO_A 1
#define HAVE_INET_PTON 1
#define HAVE_DECL_STRNLEN 1
#define HAVE_DECL_LE16TOH 1
#define HAVE_DECL_LE32TOH 1
#define HAVE_DECL_LE64TOH 1
#define HAVE_DECL_HTOLE16 1
#define HAVE_DECL_HTOLE32 1
#define HAVE_DECL_HTOLE64 1
#define HAVE_DECL_BE16TOH 1
#define HAVE_DECL_BE32TOH 1
#define HAVE_DECL_BE64TOH 1
#define HAVE_DECL_HTOBE16 1
#define HAVE_DECL_HTOBE32 1
#define HAVE_DECL_HTOBE64 1
#define HAVE_DECL_BSWAP_16 1
#define HAVE_DECL_BSWAP_32 1
#define HAVE_DECL_BSWAP_64 1
#define HAVE_MSG_NOSIGNAL 1
#define HAVE_VISIBILITY_ATTRIBUTE 1
#define HAVE_MINIUPNPC_MINIWGET_H 1
#define HAVE_MINIUPNPC_MINIUPNPC_H 1
#define HAVE_MINIUPNPC_UPNPCOMMANDS_H 1
#define HAVE_MINIUPNPC_UPNPERRORS_H 1
#define HAVE_BOOST /**/
#define HAVE_BOOST_SYSTEM /**/
#define HAVE_BOOST_FILESYSTEM /**/
#define HAVE_BOOST_PROGRAM_OPTIONS /**/
#define HAVE_BOOST_THREAD /**/
#define HAVE_BOOST_CHRONO /**/
#define HAVE_BOOST_UNIT_TEST_FRAMEWORK /**/
#define HAVE_WORKING_BOOST_SLEEP_FOR 1
#define ENABLE_ZMQ 1
#define HAVE_CONSENSUS_LIB 1
#define ENABLE_WALLET 1
#define USE_UPNP 0
#define USE_DBUS 1
#define USE_QRCODE 1
#define CLIENT_VERSION_MAJOR 0
#define CLIENT_VERSION_MINOR 12
#define CLIENT_VERSION_REVISION 1
#define CLIENT_VERSION_BUILD 0
#define CLIENT_VERSION_IS_RELEASE true
#define COPYRIGHT_YEAR 2016

configure: exit 0

## ---------------------- ##
## Running config.status. ##
## ---------------------- ##

This file was extended by VCoin Core config.status 0.12.1, which was
generated by GNU Autoconf 2.69.  Invocation command line was

  CONFIG_FILES    = 
  CONFIG_HEADERS  = 
  CONFIG_LINKS    = 
  CONFIG_COMMANDS = 
  $ ./config.status 

on root-satoshi

config.status:1359: creating libvcoinconsensus.pc
config.status:1359: creating Makefile
config.status:1359: creating src/Makefile
config.status:1359: creating share/setup.nsi
config.status:1359: creating share/qt/Info.plist
config.status:1359: creating src/test/buildenv.py
config.status:1359: creating qa/pull-tester/run-vcoind-for-test.sh
config.status:1359: creating qa/pull-tester/tests_config.py
config.status:1359: creating src/config/vcoin-config.h
config.status:1540: src/config/vcoin-config.h is unchanged
config.status:1588: executing depfiles commands
config.status:1588: executing libtool commands
